# test_for_audio_implicit_full — FULL-RES (256x512) results

Radial depth, scene_split (72/9/9), loaded from actual files at 256x512 (no 64x128 downsampling). cos-lat weighted metrics. seed = mean ± std.

**Progress: 340/351 trained runs evaluated (of 93 total jobs).**

| model (seed-grouped) | n | test MAE ↓ | MAE_plain | (64×128 plain) | MAE_low | δ<1.25 ↑ | shuffle MAE | mirror_better |
|---|---|---|---|---|---|---|---|---|
| Q8_csa_wrel05_normal10 | 1 | 0.8803 | 0.7397 | — | 0.8428 | 0.461 | — | 0.245 |
| Q8_csa_win7 | 1 | 0.8820 | 0.7420 | — | 0.8444 | 0.467 | — | 0.249 |
| Q8_csa_wrel05_normal05_wscale10 | 1 | 0.8824 | 0.7417 | — | 0.8451 | 0.461 | — | 0.243 |
| Q13_loss_rel03_scale10 | 1 | 0.8829 | 0.7423 | — | 0.8454 | 0.462 | — | 0.246 |
| Q13_loss_grad10 | 1 | 0.8830 | 0.7424 | — | 0.8448 | 0.463 | — | 0.249 |
| Q8_csa_wlow15 | 1 | 0.8831 | 0.7431 | — | 0.8446 | 0.461 | — | 0.249 |
| Q8_csa_wrel03_wlow075 | 1 | 0.8838 | 0.7442 | — | 0.8463 | 0.464 | — | 0.249 |
| Q8_csa_gated_normal10_wrel05 | 1 | 0.8839 | 0.7426 | — | 0.8464 | 0.461 | — | 0.256 |
| Q8_csa_wlow075 | 1 | 0.8843 | 0.7434 | — | 0.8464 | 0.463 | — | 0.240 |
| Q13_loss_rel03_normal10 | 1 | 0.8846 | 0.7433 | — | 0.8469 | 0.459 | — | 0.261 |
| Q7_csa_norel_wscale10 | 1 | 0.8848 | 0.7468 | — | 0.8478 | 0.464 | — | 0.254 |
| Q7_csa_wrel03_wscale10 | 1 | 0.8853 | 0.7478 | — | 0.8484 | 0.465 | — | 0.241 |
| Q13_loss_grad05 | 1 | 0.8856 | 0.7441 | — | 0.8480 | 0.462 | — | 0.245 |
| Q8_w20_csa_wrel05 | 1 | 0.8863 | 0.7432 | — | 0.8479 | 0.461 | — | 0.251 |
| Q7_csa_wrel05_wscale10 | 1 | 0.8868 | 0.7473 | — | 0.8495 | 0.459 | — | 0.251 |
| Q7_csa_norel | 1 | 0.8872 | 0.7460 | — | 0.8493 | 0.461 | — | 0.248 |
| Q8_csa_wrel05_lr3e4 | 1 | 0.8881 | 0.7497 | — | 0.8507 | 0.458 | — | 0.245 |
| Q8_csa_win9 | 1 | 0.8883 | 0.7484 | — | 0.8508 | 0.464 | — | 0.262 |
| Q13_loss_wlow0 | 1 | 0.8884 | 0.7479 | — | 0.8502 | 0.462 | — | 0.246 |
| Q8_csa_gated_wlow075_wrel05 | 1 | 0.8885 | 0.7494 | — | 0.8508 | 0.455 | — | 0.250 |
| Q5_e34_champion | 1 | 0.8887 | 0.7472 | — | 0.8522 | 0.461 | — | 0.244 |
| Q13_loss_rel03_grad05 | 1 | 0.8889 | 0.7501 | — | 0.8509 | 0.460 | — | 0.255 |
| Q8_csa_normal10 | 1 | 0.8891 | 0.7512 | — | 0.8512 | 0.457 | — | 0.255 |
| Q17_csa_raz_normal | 1 | 0.8896 | 0.7476 | — | 0.8522 | 0.460 | — | 0.260 |
| Q2_unet_rel10_normal | 1 | 0.8900 | 0.7469 | — | 0.8535 | 0.457 | — | 0.276 |
| Q8_csa_wrel05_win7 | 1 | 0.8901 | 0.7484 | — | 0.8531 | 0.464 | — | 0.244 |
| Q13_loss_rel03_silog25 | 1 | 0.8904 | 0.7482 | — | 0.8520 | 0.440 | — | 0.255 |
| Q13_loss_silog25 | 1 | 0.8906 | 0.7489 | — | 0.8523 | 0.446 | — | 0.267 |
| Q7_csa_gated_wrel05 | 1 | 0.8907 | 0.7498 | — | 0.8536 | 0.459 | — | 0.252 |
| Q15_csa_base_w20 | 1 | 0.8909 | 0.7483 | — | 0.8523 | 0.458 | — | 0.249 |
| Q8_csa_wscale30 | 1 | 0.8912 | 0.7468 | — | 0.8525 | 0.459 | — | 0.251 |
| Q5_e29_gated | 1 | 0.8913 | 0.7493 | — | 0.8548 | 0.460 | — | 0.254 |
| Q14_gamma_n05 | 1 | 0.8913 | 0.7485 | — | 0.8553 | 0.465 | — | 0.249 |
| Q8_csa_lr3e4 | 1 | 0.8915 | 0.7508 | — | 0.8530 | 0.458 | — | 0.256 |
| Q15_unet_norm_w30 | 1 | 0.8916 | 0.7461 | — | 0.8527 | 0.445 | — | 0.279 |
| Q17_csa_raz | 1 | 0.8919 | 0.7484 | — | 0.8540 | 0.457 | — | 0.259 |
| Q14_berhu_rel03 | 1 | 0.8919 | 0.7501 | — | 0.8538 | 0.459 | — | 0.254 |
| Q11_zc4_sinIPD | 1 | 0.8919 | 0.7469 | — | 0.8541 | 0.454 | — | 0.282 |
| Q7_csa_wrel05 | 1 | 0.8920 | 0.7504 | — | 0.8552 | 0.457 | — | 0.258 |
| Bnode2_gcc_unet8 | 3 | 0.8923 ± 0.0059 | 0.7483 ± 0.0043 | — | 0.8543 ± 0.0055 | 0.453 ± 0.004 | 1.1396 ± 0.0021 | 0.282 ± 0.001 |
| Q8_csa_wscale20 | 1 | 0.8928 | 0.7487 | — | 0.8543 | 0.460 | — | 0.254 |
| Q7_csa_gated_wrel05_grad05 | 1 | 0.8931 | 0.7525 | — | 0.8557 | 0.453 | — | 0.262 |
| Q10_vit_5ch | 1 | 0.8932 | 0.7492 | — | 0.8550 | 0.454 | — | 0.259 |
| Q7_csa_wrel03 | 3 | 0.8933 ± 0.0077 | 0.7516 ± 0.0069 | — | 0.8556 ± 0.0078 | 0.455 ± 0.005 | — | 0.254 ± 0.006 |
| Bnode2_unet8_5chflip | 3 | 0.8933 ± 0.0057 | 0.7495 ± 0.0055 | — | 0.8559 ± 0.0058 | 0.455 ± 0.002 | 1.1431 ± 0.0023 | 0.274 ± 0.004 |
| Q15_csa_norm_w40 | 1 | 0.8933 | 0.7511 | — | 0.8556 | 0.455 | — | 0.264 |
| Q9_ground_planarlsa | 1 | 0.8935 | 0.7542 | — | 0.8571 | 0.460 | — | 0.253 |
| Bnode2_unet8_5chflip_w20 | 3 | 0.8935 ± 0.0028 | 0.7513 ± 0.0049 | — | 0.8559 ± 0.0028 | 0.450 ± 0.006 | 1.1493 ± 0.0064 | 0.276 ± 0.005 |
| Q12_unet_wrel03_amp | 1 | 0.8936 | 0.7516 | — | 0.8551 | 0.452 | — | 0.269 |
| Q15_csa_norm_w30 | 1 | 0.8936 | 0.7500 | — | 0.8546 | 0.453 | — | 0.261 |
| Q12_unet_wrel03 | 3 | 0.8938 ± 0.0019 | 0.7513 ± 0.0026 | — | 0.8567 ± 0.0020 | 0.456 ± 0.005 | — | 0.261 ± 0.005 |
| Q11_zc3_cosIPD | 1 | 0.8939 | 0.7513 | — | 0.8564 | 0.457 | — | 0.262 |
| Q11_zc0_logL | 1 | 0.8941 | 0.7491 | — | 0.8556 | 0.447 | — | 0.275 |
| Q17_csa_micsh | 1 | 0.8941 | 0.7542 | — | 0.8569 | 0.461 | — | 0.259 |
| Q7_csa_wrel05_wlow10 | 1 | 0.8941 | 0.7539 | — | 0.8573 | 0.455 | — | 0.265 |
| Q17_csa_shpe | 1 | 0.8948 | 0.7536 | — | 0.8574 | 0.457 | — | 0.259 |
| U_unet8_normal | 1 | 0.8949 | 0.7518 | — | 0.8566 | 0.456 | 1.1319 | 0.288 |
| Q11_zc1_logR | 1 | 0.8949 | 0.7521 | — | 0.8576 | 0.455 | — | 0.269 |
| Q7_csa_gated_norel | 1 | 0.8953 | 0.7532 | — | 0.8571 | 0.455 | — | 0.250 |
| Q17_csa_micpe | 1 | 0.8954 | 0.7541 | — | 0.8578 | 0.455 | — | 0.258 |
| Q13_loss_wcoarse0 | 1 | 0.8960 | 0.7521 | — | 0.8577 | 0.450 | — | 0.253 |
| Q5_e22_coarsesa | 3 | 0.8960 ± 0.0077 | 0.7545 ± 0.0063 | — | 0.8597 ± 0.0074 | 0.457 ± 0.003 | — | 0.250 ± 0.002 |
| Q6_csaonly | 2 | 0.8966 ± 0.0020 | 0.7533 ± 0.0001 | — | 0.8599 ± 0.0014 | 0.458 ± 0.004 | — | 0.260 ± 0.011 |
| Q8_csa_chamfer10 | 1 | 0.8968 | 0.7535 | — | 0.8581 | 0.459 | — | 0.263 |
| B_unet8_5ch | 3 | 0.8969 ± 0.0007 | 0.7528 ± 0.0019 | — | 0.8587 ± 0.0009 | 0.454 ± 0.003 | 1.1536 ± 0.0055 | 0.265 ± 0.009 |
| Q12_unet_wrel03_wscale10 | 1 | 0.8969 | 0.7518 | — | 0.8597 | 0.451 | — | 0.273 |
| Q14_berhu | 1 | 0.8971 | 0.7506 | — | 0.8572 | 0.458 | — | 0.261 |
| Q11_zc2_ILD | 1 | 0.8976 | 0.7537 | — | 0.8593 | 0.451 | — | 0.286 |
| Q2_unet_rel13 | 1 | 0.8979 | 0.7549 | — | 0.8620 | 0.465 | — | 0.249 |
| Q9_ground_full | 1 | 0.8991 | 0.7564 | — | 0.8621 | 0.455 | — | 0.255 |
| Q2_unet_rel10 | 2 | 0.8995 ± 0.0032 | 0.7549 ± 0.0031 | — | 0.8630 ± 0.0031 | 0.459 ± 0.004 | — | 0.262 ± 0.005 |
| Q2_unet_rel10_amp | 1 | 0.8999 | 0.7573 | — | 0.8640 | 0.459 | — | 0.256 |
| Q14_gamma_p05_rel03 | 1 | 0.9000 | 0.7541 | — | 0.8612 | 0.461 | — | 0.245 |
| Q15_csa_base_w30 | 1 | 0.9002 | 0.7582 | — | 0.8615 | 0.453 | — | 0.256 |
| Q17_unet_raz | 1 | 0.9003 | 0.7577 | — | 0.8623 | 0.451 | — | 0.267 |
| Q2_w20_rel10 | 1 | 0.9010 | 0.7543 | — | 0.8637 | 0.454 | — | 0.272 |
| U_unet8_chamfer | 1 | 0.9010 | 0.7560 | — | 0.8631 | 0.453 | — | 0.269 |
| Q8_gcc_csa_norel | 1 | 0.9010 | 0.7576 | — | 0.8629 | 0.456 | — | 0.271 |
| Q16_unet_ic3 | 3 | 0.9015 ± 0.0024 | 0.7558 ± 0.0024 | — | 0.8636 ± 0.0025 | 0.448 ± 0.001 | — | 0.278 ± 0.001 |
| Q2_unet_rel05 | 1 | 0.9018 | 0.7581 | — | 0.8650 | 0.457 | — | 0.261 |
| Q16_unet_ic2 | 3 | 0.9018 ± 0.0030 | 0.7566 ± 0.0003 | — | 0.8640 ± 0.0025 | 0.453 ± 0.003 | — | 0.280 ± 0.004 |
| Bnode2_cross_flip_nr1024 | 2 | 0.9022 ± 0.0016 | 0.7593 ± 0.0019 | — | 0.8642 ± 0.0017 | 0.447 ± 0.003 | — | 0.233 ± 0.004 |
| Q8_gcc_csa_wrel05 | 1 | 0.9025 | 0.7583 | — | 0.8649 | 0.455 | — | 0.263 |
| Q9_ground_nocsageo | 1 | 0.9034 | 0.7595 | — | 0.8669 | 0.460 | — | 0.259 |
| Q_rd_rel10_normal | 1 | 0.9039 | 0.7602 | — | 0.8664 | 0.450 | — | 0.263 |
| Q2_unet_rel10_chamfer | 1 | 0.9040 | 0.7600 | — | 0.8681 | 0.458 | — | 0.248 |
| Q2_unet_rel05silog25 | 1 | 0.9040 | 0.7574 | — | 0.8662 | 0.434 | — | 0.282 |
| Q2_unet_silog25 | 1 | 0.9044 | 0.7571 | — | 0.8656 | 0.433 | — | 0.280 |
| A22_vit_aug | 3 | 0.9046 ± 0.0029 | 0.7605 ± 0.0025 | 0.7804 | 0.8671 ± 0.0030 | 0.449 ± 0.002 | 1.1327 ± 0.0076 | 0.265 ± 0.014 |
| Q9_ground_noquery | 1 | 0.9047 | 0.7633 | — | 0.8684 | 0.453 | — | 0.250 |
| Q2_gcc_rel10 | 1 | 0.9047 | 0.7587 | — | 0.8684 | 0.459 | — | 0.258 |
| B_unet8nolog_aug | 3 | 0.9050 ± 0.0039 | 0.7582 ± 0.0036 | — | 0.8664 ± 0.0035 | 0.448 ± 0.006 | 1.1210 ± 0.0093 | 0.281 ± 0.006 |
| Q13_loss_silog5 | 1 | 0.9051 | 0.7616 | — | 0.8657 | 0.428 | — | 0.265 |
| Q2_noray_rel10 | 1 | 0.9053 | 0.7610 | — | 0.8680 | 0.449 | — | 0.253 |
| Bnode2_cross_flip | 3 | 0.9053 ± 0.0017 | 0.7613 ± 0.0019 | — | 0.8674 ± 0.0017 | 0.445 ± 0.003 | 1.1347 ± 0.0157 | 0.240 ± 0.001 |
| Q2_noray | 1 | 0.9058 | 0.7607 | — | 0.8670 | 0.452 | — | 0.251 |
| Q3_e0c_base | 1 | 0.9059 | 0.7618 | — | 0.8674 | 0.453 | — | 0.254 |
| R_raydpt_e2 | 3 | 0.9063 ± 0.0020 | 0.7640 ± 0.0010 | — | 0.8693 ± 0.0021 | 0.450 ± 0.002 | — | 0.252 ± 0.005 |
| Bnode2_wave_unet8 | 3 | 0.9068 ± 0.0037 | 0.7613 ± 0.0036 | — | 0.8696 ± 0.0043 | 0.453 ± 0.003 | 1.1605 ± 0.0097 | 0.268 ± 0.006 |
| Q9_ground_none | 2 | 0.9072 ± 0.0004 | 0.7645 ± 0.0002 | — | 0.8704 ± 0.0002 | 0.449 ± 0.001 | — | 0.263 ± 0.002 |
| Q_rdlite_rel10 | 1 | 0.9072 | 0.7647 | — | 0.8707 | 0.450 | — | 0.255 |
| Q6_emaonly | 2 | 0.9078 ± 0.0001 | 0.7645 ± 0.0007 | — | 0.8715 ± 0.0001 | 0.448 ± 0.000 | — | 0.251 ± 0.001 |
| A23_vit_sh | 3 | 0.9081 ± 0.0023 | 0.7618 ± 0.0013 | 0.7861 | 0.8701 ± 0.0024 | 0.439 ± 0.002 | 1.1169 ± 0.0089 | 0.272 ± 0.015 |
| C_raydpt_lsanobias | 1 | 0.9081 | 0.7635 | — | 0.8695 | 0.448 | — | 0.259 |
| A23_vit_both | 3 | 0.9082 ± 0.0058 | 0.7616 ± 0.0036 | 0.7863 | 0.8708 ± 0.0057 | 0.444 ± 0.006 | 1.1261 ± 0.0095 | 0.270 ± 0.015 |
| Q2_gcc_silog25 | 1 | 0.9085 | 0.7626 | — | 0.8702 | 0.433 | — | 0.283 |
| Q2_unet_rel10silog25 | 1 | 0.9088 | 0.7624 | — | 0.8712 | 0.439 | — | 0.264 |
| Bnode2_cross_flip_nr4096 | 2 | 0.9091 ± 0.0012 | 0.7670 ± 0.0017 | — | 0.8712 ± 0.0015 | 0.446 ± 0.001 | — | 0.235 ± 0.008 |
| Q3_e4_silog5 | 1 | 0.9094 | 0.7679 | — | 0.8705 | 0.434 | — | 0.267 |
| C_raydpt_noray | 1 | 0.9095 | 0.7665 | — | 0.8710 | 0.439 | — | 0.264 |
| E_echo_bin | 1 | 0.9095 | 0.7613 | — | 0.8714 | 0.452 | — | 0.283 |
| Q_rd_rel05 | 1 | 0.9096 | 0.7656 | — | 0.8720 | 0.445 | — | 0.256 |
| C_raydptlite_5chflip | 3 | 0.9097 ± 0.0040 | 0.7654 ± 0.0035 | — | 0.8712 ± 0.0039 | 0.450 ± 0.004 | 1.1425 ± 0.0056 | 0.255 ± 0.003 |
| Q_rd_rel10_xl3 | 1 | 0.9098 | 0.7655 | — | 0.8727 | 0.450 | — | 0.259 |
| Q_rd_rel10_wcl05 | 1 | 0.9098 | 0.7685 | — | 0.8730 | 0.445 | — | 0.265 |
| Q_rd_rel10_chamfer | 1 | 0.9100 | 0.7656 | — | 0.8716 | 0.441 | — | 0.264 |
| Q2_noray_rel10silog25 | 1 | 0.9101 | 0.7675 | — | 0.8718 | 0.428 | — | 0.257 |
| C_raydpt_lsaplanar | 1 | 0.9102 | 0.7663 | — | 0.8722 | 0.450 | — | 0.255 |
| E_echo_unet | 3 | 0.9103 ± 0.0064 | 0.7611 ± 0.0048 | — | 0.8726 ± 0.0065 | 0.443 ± 0.005 | — | 0.302 ± 0.013 |
| Q_rd_rel10silog25 | 1 | 0.9108 | 0.7675 | — | 0.8728 | 0.430 | — | 0.266 |
| Bnode2_cross_5chflip | 3 | 0.9108 ± 0.0026 | 0.7678 ± 0.0032 | — | 0.8723 ± 0.0025 | 0.444 ± 0.003 | 1.1438 ± 0.0004 | 0.250 ± 0.003 |
| Q2_unet_silog5 | 1 | 0.9109 | 0.7649 | — | 0.8724 | 0.437 | — | 0.270 |
| Bnode2_cross_unetenc5 | 3 | 0.9109 ± 0.0019 | 0.7660 ± 0.0021 | — | 0.8727 ± 0.0019 | 0.445 ± 0.003 | 1.1407 ± 0.0061 | 0.253 ± 0.005 |
| Q_rd_rel10_lr3e4 | 1 | 0.9110 | 0.7700 | — | 0.8741 | 0.446 | — | 0.253 |
| C_raydpt_5chflip | 3 | 0.9110 ± 0.0032 | 0.7653 ± 0.0022 | — | 0.8723 ± 0.0030 | 0.444 ± 0.001 | 1.1263 ± 0.0029 | 0.267 ± 0.006 |
| Q_rd_rel15 | 1 | 0.9111 | 0.7677 | — | 0.8747 | 0.452 | — | 0.261 |
| Q_rd_rel10silog5 | 1 | 0.9112 | 0.7667 | — | 0.8726 | 0.430 | — | 0.266 |
| Q2_rdlite_silog25 | 1 | 0.9113 | 0.7659 | — | 0.8722 | 0.436 | — | 0.265 |
| Q_rd_silog5 | 1 | 0.9117 | 0.7656 | — | 0.8720 | 0.425 | — | 0.269 |
| Q14_gamma_n10 | 1 | 0.9119 | 0.7654 | — | 0.8762 | 0.454 | — | 0.259 |
| B_cross_nolog | 1 | 0.9122 | 0.7682 | — | 0.8741 | 0.436 | 1.1281 | 0.244 |
| C_raydpt_msf | 1 | 0.9123 | 0.7688 | — | 0.8743 | 0.448 | — | 0.256 |
| B_unet8nolog | 3 | 0.9124 ± 0.0041 | 0.7637 ± 0.0029 | — | 0.8741 ± 0.0044 | 0.448 ± 0.003 | 1.1290 ± 0.0114 | 0.292 ± 0.006 |
| Bnode2_unet8nolog | 3 | 0.9125 ± 0.0052 | 0.7628 ± 0.0033 | — | 0.8746 ± 0.0054 | 0.445 ± 0.002 | 1.1301 ± 0.0130 | 0.288 ± 0.005 |
| Bnode2_crossself_flip | 2 | 0.9133 ± 0.0036 | 0.7695 ± 0.0051 | — | 0.8751 ± 0.0036 | 0.441 ± 0.001 | 1.1396 | 0.248 ± 0.001 |
| Q_rd_silog25 | 1 | 0.9146 | 0.7721 | — | 0.8756 | 0.437 | — | 0.260 |
| C_raydpt_lsaoff | 1 | 0.9154 | 0.7723 | — | 0.8767 | 0.444 | — | 0.274 |
| Q2_gcc_rel10silog25 | 1 | 0.9154 | 0.7696 | — | 0.8776 | 0.446 | — | 0.257 |
| R_echo_unet_e2 | 1 | 0.9155 | 0.7664 | — | 0.8783 | 0.453 | — | 0.271 |
| Q15_csa_norm_w20 | 1 | 0.9157 | 0.7669 | — | 0.8791 | 0.433 | — | 0.274 |
| Q_rd_rel10_wlow1 | 1 | 0.9161 | 0.7748 | — | 0.8786 | 0.435 | — | 0.260 |
| Q14_gamma_p05 | 1 | 0.9168 | 0.7647 | — | 0.8767 | 0.458 | — | 0.253 |
| A3_crossSH | 1 | 0.9170 | 0.7738 | — | 0.8801 | 0.434 | 1.1396 | 0.243 |
| Q2_unet_downs7 | 1 | 0.9179 | 0.7696 | — | 0.8793 | 0.437 | — | 0.295 |
| Q_rdmsf_rel10 | 2 | 0.9179 ± 0.0026 | 0.7735 ± 0.0038 | — | 0.8815 ± 0.0028 | 0.442 ± 0.007 | — | 0.266 ± 0.000 |
| Bnode2_cross_flip_nr8192 | 2 | 0.9180 ± 0.0049 | 0.7718 ± 0.0031 | — | 0.8796 ± 0.0047 | 0.439 ± 0.001 | — | 0.243 ± 0.002 |
| A4_ffmask | 1 | 0.9184 | 0.7711 | — | 0.8812 | 0.442 | 1.1481 | 0.251 |
| A5_crossMic | 1 | 0.9188 | 0.7724 | — | 0.8811 | 0.437 | 1.1494 | 0.241 |
| Bnode2_cross_nolog | 3 | 0.9201 ± 0.0048 | 0.7735 ± 0.0037 | — | 0.8821 ± 0.0049 | 0.437 ± 0.002 | 1.1324 ± 0.0134 | 0.247 ± 0.010 |
| Bnode2_cross_hitokflip | 3 | 0.9208 ± 0.0009 | 0.7750 ± 0.0014 | — | 0.8828 ± 0.0011 | 0.435 ± 0.001 | 1.1308 ± 0.0017 | 0.246 ± 0.006 |
| T_film | 1 | 0.9211 | 0.7763 | 0.7781 | 0.8835 | 0.435 | 1.1299 | 0.244 |
| A23_vit_fourier | 3 | 0.9214 ± 0.0153 | 0.7724 ± 0.0135 | 0.7859 | 0.8838 ± 0.0157 | 0.438 ± 0.010 | 1.1235 ± 0.0068 | 0.281 ± 0.016 |
| Q8_gcc_csa_wscale10 | 1 | 0.9218 | 0.7753 | — | 0.8833 | 0.445 | — | 0.277 |
| T_mlpskip | 1 | 0.9228 | 0.7748 | 0.7804 | 0.8852 | 0.434 | 1.1458 | 0.252 |
| T_sector | 1 | 0.9250 | 0.7777 | 0.7736 | 0.8870 | 0.436 | 1.1411 | 0.259 |
| U_unet8_scale1 | 1 | 0.9250 | 0.7726 | — | 0.8852 | 0.431 | — | 0.292 |
| R_echo_ray_e2 | 1 | 0.9255 | 0.7765 | — | 0.8889 | 0.438 | — | 0.264 |
| A4_cross | 3 | 0.9258 ± 0.0012 | 0.7805 ± 0.0028 | 0.7789 | 0.8881 ± 0.0007 | 0.435 ± 0.001 | 1.1414 ± 0.0077 | 0.260 ± 0.007 |
| A6sec | 3 | 0.9270 ± 0.0038 | 0.7810 ± 0.0040 | 0.7816 | 0.8893 ± 0.0033 | 0.433 ± 0.003 | 1.1459 ± 0.0114 | 0.260 ± 0.006 |
| A6_crossself | 3 | 0.9271 ± 0.0035 | 0.7804 ± 0.0049 | 0.7753 | 0.8891 ± 0.0040 | 0.439 ± 0.006 | 1.1463 ± 0.0058 | 0.259 ± 0.005 |
| Bnode2_cross_unetenc | 3 | 0.9279 ± 0.0044 | 0.7785 ± 0.0043 | — | 0.8898 ± 0.0044 | 0.434 ± 0.001 | 1.1240 ± 0.0022 | 0.259 ± 0.005 |
| E_echo_ray | 3 | 0.9289 ± 0.0013 | 0.7811 ± 0.0015 | — | 0.8912 ± 0.0014 | 0.439 ± 0.005 | — | 0.267 ± 0.007 |
| T_all | 1 | 0.9293 | 0.7831 | 0.7819 | 0.8883 | 0.432 | 1.1258 | 0.254 |
| T_progpe | 1 | 0.9304 | 0.7831 | 0.8227 | 0.8870 | 0.431 | 1.1325 | 0.244 |
| C_raydpt_rsmp | 1 | 0.9305 | 0.7831 | — | 0.8926 | 0.438 | — | 0.279 |
| C_unet8_raycoarse16_5chflip | 3 | 0.9335 ± 0.0104 | 0.7851 ± 0.0074 | — | 0.8948 ± 0.0105 | 0.432 ± 0.004 | 1.1218 ± 0.0077 | 0.265 ± 0.001 |
| Bnode2_cross_hitok | 2 | 0.9391 ± 0.0012 | 0.7917 ± 0.0043 | — | 0.9014 ± 0.0016 | 0.429 ± 0.000 | 1.1402 | 0.262 ± 0.001 |
| A19_raymodStrong | 3 | 0.9457 ± 0.0093 | 0.7940 ± 0.0076 | 0.7709 | 0.9075 ± 0.0091 | 0.423 ± 0.003 | 1.1261 ± 0.0057 | 0.301 ± 0.010 |
| A14_rir5 | 1 | 0.9461 | 0.7939 | 0.7907 | 0.9071 | 0.414 | 1.1187 | 0.328 |
| Bnode2_cross5ch | 3 | 0.9462 ± 0.0049 | 0.7994 ± 0.0043 | — | 0.9089 ± 0.0051 | 0.420 ± 0.006 | 1.1403 ± 0.0056 | 0.272 ± 0.005 |
| A12_film | 1 | 0.9476 | 0.7931 | 0.7935 | 0.9090 | 0.416 | 1.1118 | 0.284 |
| Q_rd_rel10_lr5e4 | 1 | 0.9480 | 0.8004 | — | 0.9113 | 0.410 | — | 0.287 |
| A8_hybrid | 1 | 0.9482 | 0.8004 | — | 0.9110 | 0.403 | 1.1235 | 0.286 |
| Q_rdmsf_rel10silog25 | 1 | 0.9493 | 0.7987 | — | 0.9121 | 0.397 | — | 0.285 |
| A19_raymodStrong_fv | 3 | 0.9493 ± 0.0052 | 0.7944 ± 0.0047 | 0.7714 | 0.9104 ± 0.0048 | 0.420 ± 0.002 | 1.1210 ± 0.0097 | 0.299 ± 0.003 |
| A14_frozen | 1 | 0.9509 | 0.7959 | 0.7811 | 0.9125 | 0.409 | 1.1097 | 0.296 |
| A10_cross | 1 | 0.9518 | 0.7947 | 0.7935 | 0.9139 | 0.412 | 1.0972 | 0.329 |
| C_unet8_sh6_5chflip | 3 | 0.9532 ± 0.0173 | 0.7950 ± 0.0107 | — | 0.9149 ± 0.0169 | 0.415 ± 0.006 | 1.1135 ± 0.0052 | 0.437 ± 0.078 |
| Bnode2_crossself_hitokflip | 3 | 0.9543 ± 0.0134 | 0.8025 ± 0.0123 | — | 0.9161 ± 0.0137 | 0.416 ± 0.010 | 1.1158 ± 0.0107 | 0.295 ± 0.015 |
| A13_ild3 | 1 | 0.9546 | 0.7981 | 0.8066 | 0.9161 | 0.414 | 1.1017 | 0.294 |
| C_unet8_sh4_5chflip | 3 | 0.9552 ± 0.0248 | 0.7995 ± 0.0201 | — | 0.9169 ± 0.0247 | 0.409 ± 0.010 | 1.1019 ± 0.0095 | 0.438 ± 0.083 |
| C_unet8_coarse16_5chflip | 3 | 0.9558 ± 0.0193 | 0.7962 ± 0.0147 | — | 0.9171 ± 0.0192 | 0.413 ± 0.007 | 1.1162 ± 0.0113 | 0.449 ± 0.078 |
| A9_fullmap | 3 | 0.9565 ± 0.0039 | 0.7988 ± 0.0014 | 0.7951 | 0.9186 ± 0.0039 | 0.409 ± 0.001 | 1.0996 ± 0.0079 | 0.310 ± 0.018 |
| A13_mag2 | 1 | 0.9580 | 0.8039 | 0.7845 | 0.9201 | 0.410 | 1.1095 | 0.294 |
| A11_shaux | 3 | 0.9586 ± 0.0079 | 0.8040 ± 0.0072 | 0.7825 | 0.9206 ± 0.0077 | 0.408 ± 0.003 | 1.1157 ± 0.0054 | 0.305 ± 0.002 |
| C_unet8_coarseres_5chflip | 3 | 0.9594 ± 0.0161 | 0.7999 ± 0.0135 | — | 0.9205 ± 0.0161 | 0.413 ± 0.004 | 1.1086 ± 0.0063 | 0.448 ± 0.070 |
| A2_raymlp | 3 | 0.9595 ± 0.0069 | 0.8047 ± 0.0063 | 0.8267 | 0.9216 ± 0.0068 | 0.409 ± 0.004 | 1.0987 ± 0.0057 | 0.306 ± 0.011 |
| A14_logmag | 2 | 0.9600 ± 0.0046 | 0.8057 ± 0.0022 | 0.7879 | 0.9224 ± 0.0042 | 0.410 ± 0.001 | 1.1337 ± 0.0126 | 0.295 ± 0.006 |
| C_unet8_coarse32_5chflip | 3 | 0.9605 ± 0.0084 | 0.8009 ± 0.0055 | — | 0.9219 ± 0.0079 | 0.413 ± 0.005 | 1.1206 ± 0.0240 | 0.442 ± 0.063 |
| A16_raymod8x16 | 3 | 0.9619 ± 0.0058 | 0.8077 ± 0.0038 | 0.7781 | 0.9230 ± 0.0060 | 0.415 ± 0.006 | 1.1189 ± 0.0096 | 0.308 ± 0.009 |
| A16_raymod_fv | 3 | 0.9627 ± 0.0156 | 0.8084 ± 0.0130 | 0.7741 | 0.9240 ± 0.0151 | 0.417 ± 0.005 | 1.1256 ± 0.0027 | 0.312 ± 0.019 |
| A13_ipd5 | 1 | 0.9630 | 0.8084 | 0.7811 | 0.9245 | 0.411 | 1.1279 | 0.314 |
| Q_rd_rel13 | 1 | 0.9652 | 0.8131 | — | 0.9299 | 0.413 | — | 0.282 |
| U_unet8_scale2 | 1 | 0.9685 | 0.8065 | — | 0.9300 | 0.412 | — | 0.373 |
| A18_raymod64reg | 2 | 0.9705 ± 0.0118 | 0.8121 ± 0.0079 | 0.7766 | 0.9315 ± 0.0117 | 0.414 ± 0.001 | 1.1201 ± 0.0067 | 0.322 ± 0.005 |
| Q10_vit_scratch | 1 | 0.9722 | 0.8141 | — | 0.9336 | 0.401 | — | 0.328 |
| A20_unet64_aug | 3 | 0.9734 ± 0.0035 | 0.8166 ± 0.0034 | 0.7653 | 0.9349 ± 0.0037 | 0.416 ± 0.003 | 1.1313 ± 0.0062 | 0.319 ± 0.005 |
| Bnode2_hybrid5ch | 3 | 0.9736 ± 0.0085 | 0.8233 ± 0.0070 | — | 0.9361 ± 0.0084 | 0.396 ± 0.003 | 1.1499 ± 0.0191 | 0.300 ± 0.003 |
| A21_raymodStrong_aug | 3 | 0.9762 ± 0.0387 | 0.8179 ± 0.0311 | 0.7674 | 0.9376 ± 0.0389 | 0.403 ± 0.021 | 1.0963 ± 0.0209 | 0.364 ± 0.082 |
| Q14_gamma_p10_scale10 | 1 | 0.9788 | 0.8108 | — | 0.9394 | 0.455 | — | 0.256 |
| A18_unet64reg_fv | 3 | 0.9813 ± 0.0028 | 0.8222 ± 0.0027 | 0.7713 | 0.9422 ± 0.0031 | 0.411 ± 0.002 | 1.1299 ± 0.0111 | 0.324 ± 0.001 |
| A15_bigunet_fv | 3 | 0.9818 ± 0.0095 | 0.8220 ± 0.0073 | 0.7757 | 0.9425 ± 0.0086 | 0.410 ± 0.001 | 1.1248 ± 0.0095 | 0.323 ± 0.013 |
| A15_bigunet | 3 | 0.9825 ± 0.0070 | 0.8225 ± 0.0065 | 0.7729 | 0.9433 ± 0.0063 | 0.409 ± 0.003 | 1.1224 ± 0.0040 | 0.334 ± 0.009 |
| Aunet | 3 | 0.9889 ± 0.0048 | 0.8287 ± 0.0034 | 0.7745 | 0.9503 ± 0.0046 | 0.406 ± 0.003 | 1.1314 ± 0.0197 | 0.332 ± 0.015 |
| A18_unet64reg | 3 | 0.9896 ± 0.0086 | 0.8290 ± 0.0050 | 0.7754 | 0.9509 ± 0.0084 | 0.405 ± 0.002 | 1.1276 ± 0.0184 | 0.338 ± 0.012 |
| Q14_gamma_p10 | 1 | 0.9912 | 0.8239 | — | 0.9508 | 0.430 | — | 0.279 |
| Bnode2_foa_unet8 | 2 | 0.9925 ± 0.0002 | 0.8195 ± 0.0006 | — | 0.9548 ± 0.0000 | 0.404 ± 0.004 | — | 0.498 ± 0.007 |
| Bnode2_cross_vitenc | 2 | 1.0222 ± 0.0073 | 0.8547 ± 0.0064 | — | 0.9841 ± 0.0076 | 0.377 ± 0.006 | 1.0586 | 0.475 ± 0.026 |
| Q10_vit_frozen | 1 | 1.0242 | 0.8639 | — | 0.9848 | 0.374 | — | 0.356 |
| Bnode2_rayconv5d | 3 | 1.0415 ± 0.0233 | 0.8765 ± 0.0256 | — | 1.0032 ± 0.0239 | 0.371 ± 0.011 | 1.0838 ± 0.0113 | 0.497 ± 0.004 |
| Q14_gamma_p15 | 1 | 1.1150 | 0.9012 | — | 1.0763 | 0.431 | — | 0.279 |
| A4_cross_shuf | 1 | 1.1478 | 0.9793 | — | 1.1125 | 0.338 | 1.1478 | 0.488 |
| A2_shuf | 2 | 1.1497 ± 0.0004 | 0.9823 ± 0.0004 | — | 1.1146 ± 0.0005 | 0.339 ± 0.001 | 1.1497 ± 0.0004 | 0.502 ± 0.007 |
| A1_rayonly | 2 | 1.1510 ± 0.0048 | 0.9832 ± 0.0067 | — | 1.1156 ± 0.0046 | 0.343 ± 0.001 | 1.1510 ± 0.0048 | 0.501 ± 0.000 |

## Probabilistic coarse head (prob_eval.json)

| run | keys |
|---|---|
| P_5ch_k5_s0 | mean_of_K=0.85, best_of_K=0.6828, best_of_K_ctrl=0.7188, oracle_gain=0.1672, oracle_gain_ctrl=0.1312, real_multimodal_gain=0.036, diversity=0.62, uncert_corr=0.7031, baseline_det=0.78, vs_baseline_mea |
| P_5ch_k5_s1 | mean_of_K=0.8512, best_of_K=0.6804, best_of_K_ctrl=0.7468, oracle_gain=0.1709, oracle_gain_ctrl=0.1044, real_multimodal_gain=0.0664, diversity=0.6044, uncert_corr=0.6913, baseline_det=0.78, vs_baselin |
| P_5ch_k5_s2 | mean_of_K=0.8532, best_of_K=0.6852, best_of_K_ctrl=0.7286, oracle_gain=0.168, oracle_gain_ctrl=0.1245, real_multimodal_gain=0.0435, diversity=0.6198, uncert_corr=0.6643, baseline_det=0.78, vs_baseline |
| P_k1 | mean_of_K=0.8174, best_of_K=0.8174, best_of_K_ctrl=0.8635, oracle_gain=0.0, oracle_gain_ctrl=-0.0462, real_multimodal_gain=0.0462, diversity=nan, uncert_corr=0.6441, baseline_det=0.78, vs_baseline_mea |
| P_k10 | mean_of_K=0.8601, best_of_K=0.6379, best_of_K_ctrl=0.6365, oracle_gain=0.2223, oracle_gain_ctrl=0.2236, real_multimodal_gain=-0.0013, diversity=0.6693, uncert_corr=0.6896, baseline_det=0.78, vs_baseli |
| P_k5 | mean_of_K=0.8498, best_of_K=0.6799, best_of_K_ctrl=0.6865, oracle_gain=0.1699, oracle_gain_ctrl=0.1633, real_multimodal_gain=0.0066, diversity=0.6001, uncert_corr=0.6603, baseline_det=0.78, vs_baselin |

_Pending eval (11): A13_ipd5_s1, A13_ipd5_s2, Bnode2_cross_hitok_s1, Bnode2_cross_vitenc_s0, Bnode2_crossself_flip_s0, P_5ch_k5_s0, P_5ch_k5_s1, P_5ch_k5_s2, P_k1, P_k10, P_k5_

[agg] wrote RESULTS_full.md (340 runs, 214 groups)
