[08:02:12] === node-B extra launcher start (4 GPU, 18 runs) ===
[08:02:12] waiting for ic2 no-log cache ...
[08:03:12] waiting for ic2 no-log cache ...
[08:04:12] waiting for ic2 no-log cache ...
[08:06:00] === node-B extra launcher start (4 GPU, 18 runs) ===
[08:06:01] waiting for ic2 no-log cache ...
[08:07:01] waiting for ic2 no-log cache ...
[08:08:01] waiting for ic2 no-log cache ...
[08:09:01] waiting for ic2 no-log cache ...
[08:10:01] waiting for ic2 no-log cache ...
[08:11:01] waiting for ic2 no-log cache ...
[08:12:01] waiting for ic2 no-log cache ...
[08:13:01] waiting for ic2 no-log cache ...
[08:14:01] waiting for ic2 no-log cache ...
[08:15:01] waiting for ic2 no-log cache ...
[08:16:01] waiting for ic2 no-log cache ...
[08:17:01] waiting for ic2 no-log cache ...
[08:18:01] waiting for ic2 no-log cache ...
[08:19:01] waiting for ic2 no-log cache ...
[08:20:01] ic2 no-log cache ready
[08:20:01] building ic5 no-log cache in background ...
[08:20:01] gpu0 START B_cross_nolog_s0
[08:20:01] gpu1 START B_cross_nolog_aug_s0
[08:20:01] gpu2 START B_cross_nolog_s1
[08:20:01] gpu3 START B_unet8nolog_s0
