=== [raydpt_2ch_ray] 3/3 мҷ„мЈј 07-09 03:36 ===
=== RayDPT raydpt_2ch_ray : PLANAR(n=3) vs RADIAL(P_b3 champion) ===
metric              planar  radial(P_b3)  planarГ·.86   нҢҗм •(scale-inv)
MAE_plain    0.6644Вұ0.003        0.7431       0.773   мҠӨмјҖмқјмҳҒн–Ҙ
RMSE         1.2404Вұ0.006        1.4161       1.442   мҠӨмјҖмқјмҳҒн–Ҙ
AbsRel       0.4891Вұ0.015        0.5087           вҖ”   planarвң… (м§„м§ң)
delta1       0.4469Вұ0.002        0.4560           вҖ”   radialвң… (м§„м§ң)

=== [raydpt_5ch_ray] 3/3 мҷ„мЈј 07-09 03:36 ===
=== RayDPT raydpt_5ch_ray : PLANAR(n=3) vs RADIAL(P_b3 champion) ===
metric              planar  radial(P_b3)  planarГ·.86   нҢҗм •(scale-inv)
MAE_plain    0.6573Вұ0.007        0.7431       0.764   мҠӨмјҖмқјмҳҒн–Ҙ
RMSE         1.2287Вұ0.004        1.4161       1.429   мҠӨмјҖмқјмҳҒн–Ҙ
AbsRel       0.4919Вұ0.009        0.5087           вҖ”   planarвң… (м§„м§ң)
delta1       0.4494Вұ0.011        0.4560           вҖ”   radialвң… (м§„м§ң)

=== [raydpt_2ch_noray] 3/3 мҷ„мЈј 07-09 03:36 ===
=== RayDPT raydpt_2ch_noray : PLANAR(n=3) vs RADIAL(P_b3 champion) ===
metric              planar  radial(P_b3)  planarГ·.86   нҢҗм •(scale-inv)
MAE_plain    0.6705Вұ0.002        0.7431       0.780   мҠӨмјҖмқјмҳҒн–Ҙ
RMSE         1.2464Вұ0.004        1.4161       1.449   мҠӨмјҖмқјмҳҒн–Ҙ
AbsRel       0.5038Вұ0.008        0.5087           вҖ”   planarвң… (м§„м§ң)
delta1       0.4394Вұ0.006        0.4560           вҖ”   radialвң… (м§„м§ң)

=== [raydpt_5ch_noray] 3/3 мҷ„мЈј 07-09 03:36 ===
=== RayDPT raydpt_5ch_noray : PLANAR(n=3) vs RADIAL(P_b3 champion) ===
metric              planar  radial(P_b3)  planarГ·.86   нҢҗм •(scale-inv)
MAE_plain    0.6564Вұ0.001        0.7431       0.763   мҠӨмјҖмқјмҳҒн–Ҙ
RMSE         1.2248Вұ0.002        1.4161       1.424   мҠӨмјҖмқјмҳҒн–Ҙ
AbsRel       0.5057Вұ0.004        0.5087           вҖ”   planarвң… (м§„м§ң)
delta1       0.4530Вұ0.002        0.4560           вҖ”   radialвң… (м§„м§ң)

[watcher] RayDPT 4 config м „л¶Җ лҰ¬нҸ¬нҠё мҷ„лЈҢ
