[sched] 102 jobs, gpus=[0, 1, 2, 3, 4, 5, 6, 7], cache builds=0
[sched] 77 already done, skipping
[sched] LAUNCH Bnode2_unet8nolog_s0 on gpu0  (24 pending, 1 running)
[sched] LAUNCH Bnode2_cross_nolog_s0 on gpu1  (23 pending, 2 running)
[sched] LAUNCH Bnode2_cross_flip_s0 on gpu2  (22 pending, 3 running)
[sched] LAUNCH Bnode2_unet8nolog_s1 on gpu3  (21 pending, 4 running)
[sched] LAUNCH Bnode2_cross_nolog_s1 on gpu4  (20 pending, 5 running)
[sched] LAUNCH Bnode2_cross_flip_s1 on gpu5  (19 pending, 6 running)
[sched] LAUNCH Bnode2_unet8nolog_s2 on gpu6  (18 pending, 7 running)
[sched] LAUNCH Bnode2_cross_nolog_s2 on gpu7  (17 pending, 8 running)
[sched] DONE Bnode2_unet8nolog_s2 (2480s) -> gpu6 free
[sched] LAUNCH Bnode2_cross_flip_s2 on gpu6  (16 pending, 8 running)
[sched] DONE Bnode2_unet8nolog_s0 (2500s) -> gpu0 free
[sched] LAUNCH A23_vit_sh_s2 on gpu0  (15 pending, 8 running)
[sched] DONE Bnode2_unet8nolog_s1 (2520s) -> gpu3 free
[sched] LAUNCH A23_vit_both_s0 on gpu3  (14 pending, 8 running)
[sched] DONE Bnode2_cross_nolog_s0 (20350s) -> gpu1 free
[sched] DONE Bnode2_cross_nolog_s2 (20350s) -> gpu7 free
[sched] LAUNCH A23_vit_both_s1 on gpu1  (13 pending, 7 running)
[sched] LAUNCH A23_vit_both_s2 on gpu7  (12 pending, 8 running)
[sched] DONE Bnode2_cross_flip_s0 (20410s) -> gpu2 free
[sched] LAUNCH P_k1 on gpu2  (11 pending, 8 running)
[sched] DONE Bnode2_cross_flip_s1 (20460s) -> gpu5 free
[sched] LAUNCH P_k5 on gpu5  (10 pending, 8 running)
[sched] DONE A23_vit_both_s0 (18410s) -> gpu3 free
[sched] LAUNCH P_k10 on gpu3  (9 pending, 8 running)
[sched] DONE A23_vit_sh_s2 (18730s) -> gpu0 free
[sched] LAUNCH A13_mag2_s0 on gpu0  (8 pending, 8 running)
[sched] DONE Bnode2_cross_nolog_s1 (22150s) -> gpu4 free
[sched] LAUNCH A13_ild3_s0 on gpu4  (7 pending, 8 running)
[sched] DONE Bnode2_cross_flip_s2 (20350s) -> gpu6 free
[sched] LAUNCH A13_ipd5_s0 on gpu6  (6 pending, 8 running)
[sched] DONE P_k5 (11550s) -> gpu5 free
[sched] LAUNCH A13_ipd5_s1 on gpu5  (5 pending, 8 running)
[sched] DONE P_k10 (11970s) -> gpu3 free
[sched] LAUNCH A13_ipd5_s2 on gpu3  (4 pending, 8 running)
[sched] DONE P_k1 (15740s) -> gpu2 free
[sched] LAUNCH A14_logmag_s0 on gpu2  (3 pending, 8 running)
[sched] DONE A13_mag2_s0 (15880s) -> gpu0 free
[sched] LAUNCH A14_logmag_s1 on gpu0  (2 pending, 8 running)
[sched] DONE A13_ipd5_s0 (16160s) -> gpu6 free
[sched] LAUNCH A14_frozen_s0 on gpu6  (1 pending, 8 running)
[sched] DONE A13_ild3_s0 (17550s) -> gpu4 free
[sched] LAUNCH A14_rir5_s0 on gpu4  (0 pending, 8 running)
[sched] DONE A23_vit_both_s1 (22620s) -> gpu1 free
[sched] DONE A23_vit_both_s2 (22660s) -> gpu7 free
[sched] DONE A14_frozen_s0 (4930s) -> gpu6 free
[sched] DONE A13_ipd5_s1 (12060s) -> gpu5 free
[sched] DONE A13_ipd5_s2 (12090s) -> gpu3 free
[sched] DONE A14_logmag_s0 (13190s) -> gpu2 free
[sched] DONE A14_logmag_s1 (13320s) -> gpu0 free
[sched] DONE A14_rir5_s0 (14350s) -> gpu4 free
[sched] ALL JOBS COMPLETE
