[cfg] correction=none {'dataset_dir': '/root/storage/matterport3d_0303renew', 'cache_dir': '/root/implicit_full_cache', 'img_h': 256, 'img_w': 512, 'max_depth': 10.0, 'sample_rate': 48000, 'log_spec': True, 'audio_window_m': 10.0, 'audio_src': 'wave', 'wave_ch': 8, 'wave_ngf': 32, 'in_ch': 2, 'model': 'raymlp', 'width': 48, 'embed_dim': 128, 'dim': 192, 'audio_dim': 256, 'use_xyz': True, 'use_fourier_pe': True, 'fourier_bands': 6, 'use_sh_pe': False, 'sh_order': 4, 'use_mic_pe': False, 'head_r': 0.0875, 'front_back_w': 1.0, 'hi_tokens': False, 'ray_tv_w': 0.0, 'ray_tv_grid_h': 64, 'ray_tv_grid_w': 128, 'cross_enc': 'conv', 'coarse_head_h': 16, 'coarse_head_w': 32, 'coarse_sh_order': 4, 'residual_scale': 0.1, 'residual_h': 32, 'residual_w': 64, 'ray_coarse_h': 16, 'ray_coarse_w': 32, 'ray_cross_layers': 2, 'ray_self_layers': 1, 'raydpt_win32': 5, 'raydpt_win64': 3, 'raydpt_lite': False, 'raydpt_full_decode': True, 'raydpt_msf': False, 'raydpt_resampler': False, 'resampler_latents': 64, 'resampler_layers': 3, 'raydpt_noray': False, 'lsa_mode': 'spherical', 'w_dense': 1.0, 'w_coarse_layout': 1.0, 'w_low': 0.5, 'w_tv_res': 0.01, 'n_heads': 4, 'n_cross': 2, 'n_self': 2, 'ray_mlp_skip': False, 'ray_film': False, 'prog_pe': False, 'sector_sample': False, 'use_depth_bins': False, 'n_bins': 64, 'hybrid_sh_order': 3, 'w_coarse': 0.5, 'w_res': 0.02, 'arch': 'echodiff', 'ngf': 64, 'unet_downs': 6, 'ray_mod_scale': 0.1, 'ray_mod_stage': 'e3', 'vit_pretrained': True, 'vit_freeze': False, 'vit_pe': 'planar', 'correction': 'none', 'coarse_h': 16, 'coarse_w': 32, 'corr_sh_order': 3, 'w_sh_aux': 1.0, 'init_decoder': '', 'freeze_decoder': False, 'res_scale': 0.3, 'w_res_sup': 1.0, 'w_tv': 0.01, 'chan_norm': False, 'w_swap_eq': 0.0, 'w_normal': 0.0, 'w_chamfer': 0.0, 'chamfer_k': 1024, 'w_rel': 0.0, 'amp': False, 'w_scale': 0.0, 'w_silog': 0.0, 'w_grad': 0.0, 'w_depth_gamma': 0.0, 'berhu': False, 'w_ema': 0.0, 'raydpt_coarse_sa': False, 'cross_mode': 'cross', 'coarse_sa_geo': True, 'zero_chan': -1, 'raydpt_gated_skip': False, 'echo_kbins': 32, 'echo_dmax': 8.0, 'prob_k': 5, 'prob_eps': 0.05, 'prob_w_nll': 0.2, 'prob_coarse': True, 'prob_head_h': 16, 'prob_head_w': 32, 'n_rays': 2048, 'eval_chunk': 4096, 'flip_aug': False, 'epochs': 25, 'batch_size': 16, 'lr': 0.002, 'weight_decay': 0.0001, 'num_workers': 6, 'seed': 0, 'device': 'cuda', 'out_dir': 'out', 'run_name': 'B_echodiff_s0', 'audio_mode': 'stereo', 'shuffle_audio': False, 'mask_farfield': False}
Loading weights:   0%|          | 0/210 [00:00<?, ?it/s]Loading weights: 100%|██████████| 210/210 [00:00<00:00, 6517.52it/s]
[transformers] [1mWav2Vec2Model LOAD REPORT[0m from: facebook/wav2vec2-base-960h
Key               | Status     | 
------------------+------------+-
lm_head.bias      | UNEXPECTED | 
lm_head.weight    | UNEXPECTED | 
masked_spec_embed | MISSING    | 

Notes:
- UNEXPECTED:	can be ignored when loading from different task/architecture; not ok if you expect identical arch.
- MISSING:	those params were newly initialized because missing from the checkpoint. Consider training on your downstream task.
[model] params=132.59M
[train] 28800 samples / 72 scenes (raw 256x512, in_ch=2)
[val] 3543 samples / 9 scenes (raw 256x512, in_ch=2)
[ep 00] 1459.5s  {'mae': 0.08688763248630696}  val_MAE=1.3015m
[ep 01] 566.8s  {'mae': 0.08015708080182472}  val_MAE=1.2371m
[ep 02] 563.4s  {'mae': 0.07742701904848218}  val_MAE=1.2014m
[ep 03] 566.9s  {'mae': 0.07567602495145466}  val_MAE=1.1987m
[ep 04] 571.7s  {'mae': 0.07403362952172757}  val_MAE=1.1520m
[ep 05] 583.4s  {'mae': 0.07283624546395408}  val_MAE=1.1248m
[ep 06] 562.8s  {'mae': 0.08590227290160127}  val_MAE=1.5621m
[ep 07] 562.2s  {'mae': 0.09672143482085731}  val_MAE=1.6261m
[ep 08] 560.9s  {'mae': 0.09740603172944652}  val_MAE=1.6381m
[ep 09] 560.3s  {'mae': 0.09733780686226157}  val_MAE=1.6313m
[ep 10] 560.0s  {'mae': 0.0973150402887}  val_MAE=1.6492m
[ep 11] 558.8s  {'mae': 0.0972259722939796}  val_MAE=1.6477m
[ep 12] 563.1s  {'mae': 0.09722140096127987}  val_MAE=1.6506m
[ep 13] 562.9s  {'mae': 0.09720106480436193}  val_MAE=1.6539m
[ep 14] 570.4s  {'mae': 0.09717414461904102}  val_MAE=1.6330m
[ep 15] 561.0s  {'mae': 0.09708737986783186}  val_MAE=1.6508m
[ep 16] 566.4s  {'mae': 0.09703417273031341}  val_MAE=1.6390m
[ep 17] 562.0s  {'mae': 0.09703326243907213}  val_MAE=1.6412m
[ep 18] 566.0s  {'mae': 0.0969804932963517}  val_MAE=1.6518m
[ep 19] 563.8s  {'mae': 0.09698164539204704}  val_MAE=1.6386m
[ep 20] 563.1s  {'mae': 0.09695298452758126}  val_MAE=1.6334m
[ep 21] 565.8s  {'mae': 0.09695333304918474}  val_MAE=1.6400m
[ep 22] 561.8s  {'mae': 0.09695666343801551}  val_MAE=1.6399m
[ep 23] 574.4s  {'mae': 0.09693443721781174}  val_MAE=1.6398m
[ep 24] 573.1s  {'mae': 0.096922131234573}  val_MAE=1.6407m
[done] best val MAE = 1.1248 m -> out/B_echodiff_s0
Warning: You are sending unauthenticated requests to the HF Hub. Please set a HF_TOKEN to enable higher rate limits and faster downloads.
Loading weights:   0%|          | 0/210 [00:00<?, ?it/s]Loading weights: 100%|██████████| 210/210 [00:00<00:00, 5227.42it/s]
[transformers] [1mWav2Vec2Model LOAD REPORT[0m from: facebook/wav2vec2-base-960h
Key               | Status     | 
------------------+------------+-
lm_head.weight    | UNEXPECTED | 
lm_head.bias      | UNEXPECTED | 
masked_spec_embed | MISSING    | 

Notes:
- UNEXPECTED:	can be ignored when loading from different task/architecture; not ok if you expect identical arch.
- MISSING:	those params were newly initialized because missing from the checkpoint. Consider training on your downstream task.
[test] 3600 samples / 9 scenes (raw 256x512, in_ch=2)
[test] corr=none MAE=0.9517 MAE_low=0.9132 SHcoefL1=0.3586 delta1=0.412
[done] -> out/B_echodiff_s0/metrics_test.json
