[cfg] correction=none {'dataset_dir': '/root/storage/matterport3d_0303renew', 'cache_dir': '/root/implicit_full_cache', 'img_h': 256, 'img_w': 512, 'max_depth': 10.0, 'sample_rate': 48000, 'log_spec': True, 'audio_window_m': 10.0, 'audio_src': 'wave', 'wave_ch': 8, 'wave_ngf': 32, 'in_ch': 2, 'model': 'raymlp', 'width': 48, 'embed_dim': 128, 'dim': 192, 'audio_dim': 256, 'use_xyz': True, 'use_fourier_pe': True, 'fourier_bands': 6, 'use_sh_pe': False, 'sh_order': 4, 'use_mic_pe': False, 'head_r': 0.0875, 'front_back_w': 1.0, 'hi_tokens': False, 'ray_tv_w': 0.0, 'ray_tv_grid_h': 64, 'ray_tv_grid_w': 128, 'cross_enc': 'conv', 'coarse_head_h': 16, 'coarse_head_w': 32, 'coarse_sh_order': 4, 'residual_scale': 0.1, 'residual_h': 32, 'residual_w': 64, 'ray_coarse_h': 16, 'ray_coarse_w': 32, 'ray_cross_layers': 2, 'ray_self_layers': 1, 'raydpt_win32': 5, 'raydpt_win64': 3, 'raydpt_lite': False, 'raydpt_full_decode': True, 'raydpt_msf': False, 'raydpt_resampler': False, 'resampler_latents': 64, 'resampler_layers': 3, 'raydpt_noray': False, 'lsa_mode': 'spherical', 'w_dense': 1.0, 'w_coarse_layout': 1.0, 'w_low': 0.5, 'w_tv_res': 0.01, 'n_heads': 4, 'n_cross': 2, 'n_self': 2, 'ray_mlp_skip': False, 'ray_film': False, 'prog_pe': False, 'sector_sample': False, 'use_depth_bins': False, 'n_bins': 64, 'hybrid_sh_order': 3, 'w_coarse': 0.5, 'w_res': 0.02, 'arch': 'echodiff', 'ngf': 64, 'unet_downs': 6, 'ray_mod_scale': 0.1, 'ray_mod_stage': 'e3', 'vit_pretrained': True, 'vit_freeze': False, 'vit_pe': 'planar', 'correction': 'none', 'coarse_h': 16, 'coarse_w': 32, 'corr_sh_order': 3, 'w_sh_aux': 1.0, 'init_decoder': '', 'freeze_decoder': False, 'res_scale': 0.3, 'w_res_sup': 1.0, 'w_tv': 0.01, 'chan_norm': False, 'w_swap_eq': 0.0, 'w_normal': 0.0, 'w_chamfer': 0.0, 'chamfer_k': 1024, 'w_rel': 0.0, 'amp': False, 'w_scale': 0.0, 'w_silog': 0.0, 'w_grad': 0.0, 'w_depth_gamma': 0.0, 'berhu': False, 'w_ema': 0.0, 'raydpt_coarse_sa': False, 'cross_mode': 'cross', 'coarse_sa_geo': True, 'zero_chan': -1, 'raydpt_gated_skip': False, 'echo_kbins': 32, 'echo_dmax': 8.0, 'prob_k': 5, 'prob_eps': 0.05, 'prob_w_nll': 0.2, 'prob_coarse': True, 'prob_head_h': 16, 'prob_head_w': 32, 'n_rays': 2048, 'eval_chunk': 4096, 'flip_aug': False, 'epochs': 25, 'batch_size': 16, 'lr': 0.002, 'weight_decay': 0.0001, 'num_workers': 6, 'seed': 2, 'device': 'cuda', 'out_dir': 'out', 'run_name': 'B_echodiff_s2', 'audio_mode': 'stereo', 'shuffle_audio': False, 'mask_farfield': False}
Warning: You are sending unauthenticated requests to the HF Hub. Please set a HF_TOKEN to enable higher rate limits and faster downloads.
Loading weights:   0%|          | 0/210 [00:00<?, ?it/s]Loading weights: 100%|██████████| 210/210 [00:00<00:00, 5502.96it/s]
[transformers] [1mWav2Vec2Model LOAD REPORT[0m from: facebook/wav2vec2-base-960h
Key               | Status     | 
------------------+------------+-
lm_head.weight    | UNEXPECTED | 
lm_head.bias      | UNEXPECTED | 
masked_spec_embed | MISSING    | 

Notes:
- UNEXPECTED:	can be ignored when loading from different task/architecture; not ok if you expect identical arch.
- MISSING:	those params were newly initialized because missing from the checkpoint. Consider training on your downstream task.
[model] params=132.59M
[train] 28800 samples / 72 scenes (raw 256x512, in_ch=2)
[val] 3543 samples / 9 scenes (raw 256x512, in_ch=2)
[ep 00] 914.7s  {'mae': 0.08514235553021232}  val_MAE=1.3252m
[ep 01] 558.8s  {'mae': 0.08012828160491255}  val_MAE=1.2603m
[ep 02] 564.2s  {'mae': 0.07730772013672524}  val_MAE=1.2034m
[ep 03] 568.6s  {'mae': 0.07496811926157938}  val_MAE=1.1803m
[ep 04] 572.5s  {'mae': 0.07344958301219676}  val_MAE=1.1686m
[ep 05] 583.7s  {'mae': 0.07247038174834516}  val_MAE=1.1493m
[ep 06] 556.3s  {'mae': 0.08473384855935971}  val_MAE=1.6084m
[ep 07] 562.4s  {'mae': 0.09643273580819368}  val_MAE=1.6486m
[ep 08] 558.3s  {'mae': 0.09736608121958044}  val_MAE=1.6804m
[ep 09] 563.0s  {'mae': 0.09738782951815261}  val_MAE=1.6279m
[ep 10] 560.6s  {'mae': 0.09736058999266889}  val_MAE=1.6472m
[ep 11] 563.2s  {'mae': 0.09727728745589653}  val_MAE=1.6191m
[ep 12] 551.9s  {'mae': 0.09723586873875724}  val_MAE=1.6121m
[ep 13] 554.7s  {'mae': 0.09718498912122514}  val_MAE=1.6489m
[ep 14] 561.5s  {'mae': 0.09712499607768324}  val_MAE=1.6466m
[ep 15] 564.0s  {'mae': 0.09712459071642823}  val_MAE=1.6456m
[ep 16] 562.4s  {'mae': 0.09706102485044135}  val_MAE=1.6519m
[ep 17] 553.6s  {'mae': 0.0970632806710071}  val_MAE=1.6461m
[ep 18] 552.0s  {'mae': 0.09701495373828543}  val_MAE=1.6416m
[ep 19] 555.6s  {'mae': 0.09698791696793503}  val_MAE=1.6378m
[ep 20] 559.1s  {'mae': 0.09700901102688578}  val_MAE=1.6500m
[ep 21] 558.2s  {'mae': 0.09699297369354301}  val_MAE=1.6440m
[ep 22] 555.6s  {'mae': 0.09695768367913034}  val_MAE=1.6423m
[ep 23] 554.4s  {'mae': 0.09695670270671447}  val_MAE=1.6420m
[ep 24] 554.6s  {'mae': 0.09695254016253683}  val_MAE=1.6408m
[done] best val MAE = 1.1493 m -> out/B_echodiff_s2
Warning: You are sending unauthenticated requests to the HF Hub. Please set a HF_TOKEN to enable higher rate limits and faster downloads.
Loading weights:   0%|          | 0/210 [00:00<?, ?it/s]Loading weights: 100%|██████████| 210/210 [00:00<00:00, 5389.35it/s]
[transformers] [1mWav2Vec2Model LOAD REPORT[0m from: facebook/wav2vec2-base-960h
Key               | Status     | 
------------------+------------+-
lm_head.weight    | UNEXPECTED | 
lm_head.bias      | UNEXPECTED | 
masked_spec_embed | MISSING    | 

Notes:
- UNEXPECTED:	can be ignored when loading from different task/architecture; not ok if you expect identical arch.
- MISSING:	those params were newly initialized because missing from the checkpoint. Consider training on your downstream task.
[test] 3600 samples / 9 scenes (raw 256x512, in_ch=2)
[test] corr=none MAE=0.9500 MAE_low=0.9113 SHcoefL1=0.3625 delta1=0.411
[done] -> out/B_echodiff_s2/metrics_test.json
