[cfg] correction=none {'dataset_dir': '/root/storage/matterport3d_0303renew', 'cache_dir': '/root/implicit_full_cache', 'img_h': 256, 'img_w': 512, 'max_depth': 10.0, 'sample_rate': 48000, 'log_spec': True, 'audio_window_m': 10.0, 'audio_src': 'wave', 'wave_ch': 8, 'wave_ngf': 32, 'in_ch': 2, 'model': 'raymlp', 'width': 48, 'embed_dim': 128, 'dim': 192, 'audio_dim': 256, 'use_xyz': True, 'use_fourier_pe': True, 'fourier_bands': 6, 'use_sh_pe': False, 'sh_order': 4, 'use_mic_pe': False, 'head_r': 0.0875, 'front_back_w': 1.0, 'hi_tokens': False, 'ray_tv_w': 0.0, 'ray_tv_grid_h': 64, 'ray_tv_grid_w': 128, 'cross_enc': 'conv', 'coarse_head_h': 16, 'coarse_head_w': 32, 'coarse_sh_order': 4, 'residual_scale': 0.1, 'residual_h': 32, 'residual_w': 64, 'ray_coarse_h': 16, 'ray_coarse_w': 32, 'ray_cross_layers': 2, 'ray_self_layers': 1, 'raydpt_win32': 5, 'raydpt_win64': 3, 'raydpt_lite': False, 'raydpt_full_decode': True, 'raydpt_msf': False, 'raydpt_resampler': False, 'resampler_latents': 64, 'resampler_layers': 3, 'w_dense': 1.0, 'w_coarse_layout': 1.0, 'w_low': 0.5, 'w_tv_res': 0.01, 'n_heads': 4, 'n_cross': 2, 'n_self': 2, 'ray_mlp_skip': False, 'ray_film': False, 'prog_pe': False, 'sector_sample': False, 'use_depth_bins': False, 'n_bins': 64, 'hybrid_sh_order': 3, 'w_coarse': 0.5, 'w_res': 0.02, 'arch': 'echo_unet', 'ngf': 64, 'unet_downs': 6, 'ray_mod_scale': 0.1, 'ray_mod_stage': 'e3', 'vit_pretrained': True, 'vit_freeze': False, 'vit_pe': 'planar', 'correction': 'none', 'coarse_h': 16, 'coarse_w': 32, 'corr_sh_order': 3, 'w_sh_aux': 1.0, 'init_decoder': '', 'freeze_decoder': False, 'res_scale': 0.3, 'w_res_sup': 1.0, 'w_tv': 0.01, 'chan_norm': False, 'w_swap_eq': 0.0, 'w_normal': 0.0, 'w_chamfer': 0.0, 'chamfer_k': 1024, 'w_rel': 0.0, 'amp': False, 'w_scale': 0.0, 'echo_kbins': 32, 'echo_dmax': 8.0, 'prob_k': 5, 'prob_eps': 0.05, 'prob_w_nll': 0.2, 'prob_coarse': True, 'prob_head_h': 16, 'prob_head_w': 32, 'n_rays': 2048, 'eval_chunk': 4096, 'flip_aug': False, 'epochs': 25, 'batch_size': 24, 'lr': 0.002, 'weight_decay': 0.0001, 'num_workers': 6, 'seed': 0, 'device': 'cuda', 'out_dir': 'out', 'run_name': 'E_echo_unet_s0', 'audio_mode': 'stereo', 'shuffle_audio': False, 'mask_farfield': False}
Warning: You are sending unauthenticated requests to the HF Hub. Please set a HF_TOKEN to enable higher rate limits and faster downloads.
Loading weights:   0%|          | 0/210 [00:00<?, ?it/s]Loading weights:  24%|██▍       | 51/210 [00:00<00:00, 504.86it/s]Loading weights: 100%|██████████| 210/210 [00:00<00:00, 1890.19it/s]
[transformers] [1mWav2Vec2Model LOAD REPORT[0m from: facebook/wav2vec2-base-960h
Key               | Status     | 
------------------+------------+-
lm_head.bias      | UNEXPECTED | 
lm_head.weight    | UNEXPECTED | 
masked_spec_embed | MISSING    | 

Notes:
- UNEXPECTED:	can be ignored when loading from different task/architecture; not ok if you expect identical arch.
- MISSING:	those params were newly initialized because missing from the checkpoint. Consider training on your downstream task.
[model] params=150.90M
[train] 28800 samples / 72 scenes (raw 256x512, in_ch=2)
[val] 3543 samples / 9 scenes (raw 256x512, in_ch=2)
[ep 00] 516.2s  {'mae': 0.088108129799366}  val_MAE=1.2732m
[ep 01] 696.9s  {'mae': 0.07769000279096265}  val_MAE=1.2744m
[ep 02] 670.2s  {'mae': 0.07689135747030378}  val_MAE=1.2062m
[ep 03] 427.1s  {'mae': 0.07525517222161095}  val_MAE=1.1675m
[ep 04] 710.3s  {'mae': 0.07560763545955221}  val_MAE=1.1696m
[ep 05] 433.9s  {'mae': 0.07362577728927136}  val_MAE=1.1239m
[ep 06] 555.6s  {'mae': 0.07141858684209486}  val_MAE=1.1249m
[ep 07] 330.0s  {'mae': 0.07018392712498704}  val_MAE=1.2048m
[ep 08] 167.8s  {'mae': 0.06885122384876013}  val_MAE=1.1176m
[ep 09] 252.3s  {'mae': 0.0678619027044624}  val_MAE=1.0790m
[ep 10] 547.6s  {'mae': 0.06678391509999831}  val_MAE=1.0658m
[ep 11] 459.3s  {'mae': 0.06575541040860117}  val_MAE=1.0757m
[ep 12] 295.9s  {'mae': 0.06463043143972755}  val_MAE=1.0814m
[ep 13] 265.6s  {'mae': 0.06353209183551371}  val_MAE=1.0785m
[ep 14] 236.5s  {'mae': 0.06235033232408265}  val_MAE=1.0621m
[ep 15] 426.1s  {'mae': 0.06117216063042482}  val_MAE=1.0707m
[ep 16] 244.0s  {'mae': 0.05991297969284157}  val_MAE=1.0713m
[ep 17] 216.5s  {'mae': 0.058652164014056325}  val_MAE=1.0740m
[ep 18] 286.4s  {'mae': 0.05748013757790128}  val_MAE=1.0780m
[ep 19] 257.0s  {'mae': 0.0563544966870298}  val_MAE=1.0770m
[ep 20] 191.3s  {'mae': 0.05538480527388553}  val_MAE=1.0853m
[ep 21] 334.9s  {'mae': 0.05467429867945611}  val_MAE=1.0863m
[ep 22] 403.9s  {'mae': 0.0541478934759895}  val_MAE=1.0900m
[ep 23] 393.4s  {'mae': 0.05378357353930672}  val_MAE=1.0919m
[ep 24] 350.6s  {'mae': 0.053631189865991476}  val_MAE=1.0907m
[done] best val MAE = 1.0621 m -> out/E_echo_unet_s0
Warning: You are sending unauthenticated requests to the HF Hub. Please set a HF_TOKEN to enable higher rate limits and faster downloads.
Loading weights:   0%|          | 0/210 [00:00<?, ?it/s]Loading weights:  24%|██▍       | 50/210 [00:00<00:00, 483.90it/s]Loading weights: 100%|██████████| 210/210 [00:00<00:00, 1823.86it/s]
[transformers] [1mWav2Vec2Model LOAD REPORT[0m from: facebook/wav2vec2-base-960h
Key               | Status     | 
------------------+------------+-
lm_head.bias      | UNEXPECTED | 
lm_head.weight    | UNEXPECTED | 
masked_spec_embed | MISSING    | 

Notes:
- UNEXPECTED:	can be ignored when loading from different task/architecture; not ok if you expect identical arch.
- MISSING:	those params were newly initialized because missing from the checkpoint. Consider training on your downstream task.
[test] 3600 samples / 9 scenes (raw 256x512, in_ch=2)
[test] corr=none MAE=0.9013 MAE_low=0.8634 SHcoefL1=0.3533 delta1=0.450
[done] -> out/E_echo_unet_s0/metrics_test.json
