[cfg] correction=none {'dataset_dir': '/root/storage/matterport3d_0303renew', 'cache_dir': '/root/implicit_full_cache', 'img_h': 256, 'img_w': 512, 'max_depth': 10.0, 'sample_rate': 48000, 'log_spec': True, 'audio_window_m': 10.0, 'audio_src': 'wave', 'wave_ch': 8, 'wave_ngf': 32, 'in_ch': 2, 'model': 'raymlp', 'width': 48, 'embed_dim': 128, 'dim': 192, 'audio_dim': 256, 'use_xyz': True, 'use_fourier_pe': True, 'fourier_bands': 6, 'use_sh_pe': False, 'sh_order': 4, 'use_mic_pe': False, 'head_r': 0.0875, 'front_back_w': 1.0, 'hi_tokens': False, 'ray_tv_w': 0.0, 'ray_tv_grid_h': 64, 'ray_tv_grid_w': 128, 'cross_enc': 'conv', 'coarse_head_h': 16, 'coarse_head_w': 32, 'coarse_sh_order': 4, 'residual_scale': 0.1, 'residual_h': 32, 'residual_w': 64, 'ray_coarse_h': 16, 'ray_coarse_w': 32, 'ray_cross_layers': 2, 'ray_self_layers': 1, 'raydpt_win32': 5, 'raydpt_win64': 3, 'raydpt_lite': False, 'raydpt_full_decode': True, 'raydpt_msf': False, 'raydpt_resampler': False, 'resampler_latents': 64, 'resampler_layers': 3, 'w_dense': 1.0, 'w_coarse_layout': 1.0, 'w_low': 0.5, 'w_tv_res': 0.01, 'n_heads': 4, 'n_cross': 2, 'n_self': 2, 'ray_mlp_skip': False, 'ray_film': False, 'prog_pe': False, 'sector_sample': False, 'use_depth_bins': False, 'n_bins': 64, 'hybrid_sh_order': 3, 'w_coarse': 0.5, 'w_res': 0.02, 'arch': 'echo_ray', 'ngf': 64, 'unet_downs': 6, 'ray_mod_scale': 0.1, 'ray_mod_stage': 'e3', 'vit_pretrained': True, 'vit_freeze': False, 'vit_pe': 'planar', 'correction': 'none', 'coarse_h': 16, 'coarse_w': 32, 'corr_sh_order': 3, 'w_sh_aux': 1.0, 'init_decoder': '', 'freeze_decoder': False, 'res_scale': 0.3, 'w_res_sup': 1.0, 'w_tv': 0.01, 'chan_norm': False, 'w_swap_eq': 0.0, 'w_normal': 0.0, 'w_chamfer': 0.0, 'chamfer_k': 1024, 'w_rel': 0.0, 'amp': False, 'w_scale': 0.0, 'echo_kbins': 32, 'echo_dmax': 8.0, 'prob_k': 5, 'prob_eps': 0.05, 'prob_w_nll': 0.2, 'prob_coarse': True, 'prob_head_h': 16, 'prob_head_w': 32, 'n_rays': 2048, 'eval_chunk': 4096, 'flip_aug': False, 'epochs': 25, 'batch_size': 12, 'lr': 0.0003, 'weight_decay': 0.0001, 'num_workers': 6, 'seed': 0, 'device': 'cuda', 'out_dir': 'out', 'run_name': 'E_echo_ray_s0', 'audio_mode': 'stereo', 'shuffle_audio': False, 'mask_farfield': False}
Warning: You are sending unauthenticated requests to the HF Hub. Please set a HF_TOKEN to enable higher rate limits and faster downloads.
Loading weights:   0%|          | 0/210 [00:00<?, ?it/s]Loading weights: 100%|██████████| 210/210 [00:00<00:00, 6272.28it/s]
[transformers] [1mWav2Vec2Model LOAD REPORT[0m from: facebook/wav2vec2-base-960h
Key               | Status     | 
------------------+------------+-
lm_head.weight    | UNEXPECTED | 
lm_head.bias      | UNEXPECTED | 
masked_spec_embed | MISSING    | 

Notes:
- UNEXPECTED:	can be ignored when loading from different task/architecture; not ok if you expect identical arch.
- MISSING:	those params were newly initialized because missing from the checkpoint. Consider training on your downstream task.
[model] params=119.46M
[train] 28800 samples / 72 scenes (raw 256x512, in_ch=2)
[val] 3543 samples / 9 scenes (raw 256x512, in_ch=2)
[ep 00] 1652.3s  {'mae': 0.08812545054436972, 'lc': 0.082027892616267, 'llow': 0.08473248905191819}  val_MAE=1.2705m
[ep 01] 1035.6s  {'mae': 0.07849850121885538, 'lc': 0.07466848540585488, 'llow': 0.07532009480676304}  val_MAE=1.2139m
[ep 02] 1088.1s  {'mae': 0.07611366017100711, 'lc': 0.07225563946800927, 'llow': 0.07299459040320168}  val_MAE=1.1661m
[ep 03] 1002.8s  {'mae': 0.07458882112676898, 'lc': 0.0707947090594098, 'llow': 0.07150745492428541}  val_MAE=1.1474m
[ep 04] 1011.2s  {'mae': 0.07348571394570172, 'lc': 0.06982690173201263, 'llow': 0.07042338064095627}  val_MAE=1.1626m
[ep 05] 1001.7s  {'mae': 0.07260749904438853, 'lc': 0.06902014042871694, 'llow': 0.0695662699934716}  val_MAE=1.1406m
[ep 06] 998.0s  {'mae': 0.07187524212058634, 'lc': 0.06847022648279866, 'llow': 0.06886006779037417}  val_MAE=1.1395m
[ep 07] 1010.2s  {'mae': 0.07099910612062861, 'lc': 0.06767098983439307, 'llow': 0.06800414888188243}  val_MAE=1.1183m
[ep 08] 1007.1s  {'mae': 0.07006631966369847, 'lc': 0.06688477027229965, 'llow': 0.06708659430965781}  val_MAE=1.1207m
[ep 09] 999.2s  {'mae': 0.06918674007834245, 'lc': 0.0661744170403108, 'llow': 0.06623888066814591}  val_MAE=1.1002m
[ep 10] 1000.1s  {'mae': 0.06815099030733109, 'lc': 0.06529968086785326, 'llow': 0.06522287326864898}  val_MAE=1.1100m
[ep 11] 999.8s  {'mae': 0.06724980174098164, 'lc': 0.06454250377292435, 'llow': 0.06434989886824041}  val_MAE=1.0929m
[ep 12] 1000.3s  {'mae': 0.0662200872025763, 'lc': 0.0636790600931272, 'llow': 0.06333847455835591}  val_MAE=1.0981m
[ep 13] 999.6s  {'mae': 0.06505126040428877, 'lc': 0.06270908696576953, 'llow': 0.062197132863414786}  val_MAE=1.0897m
[ep 14] 1000.1s  {'mae': 0.06402105898285905, 'lc': 0.06182929845061153, 'llow': 0.06119910029383997}  val_MAE=1.0880m
[ep 15] 1000.4s  {'mae': 0.0628511456757163, 'lc': 0.060914618366708355, 'llow': 0.06004917508456856}  val_MAE=1.0912m
[ep 16] 1002.0s  {'mae': 0.06171791657339781, 'lc': 0.05999140329038104, 'llow': 0.058951505098181464}  val_MAE=1.0841m
[ep 17] 1001.7s  {'mae': 0.06055361011686424, 'lc': 0.05907498155254871, 'llow': 0.057803105589312814}  val_MAE=1.0987m
[ep 18] 1001.1s  {'mae': 0.05943927208737781, 'lc': 0.05820042525883764, 'llow': 0.05670328028965741}  val_MAE=1.0930m
[ep 19] 1000.8s  {'mae': 0.05837169871199876, 'lc': 0.05742912627756595, 'llow': 0.05565412032728394}  val_MAE=1.1019m
[ep 20] 1001.5s  {'mae': 0.05752801611243437, 'lc': 0.056825104793533684, 'llow': 0.05482477559552838}  val_MAE=1.1052m
[ep 21] 1001.4s  {'mae': 0.05678109110798687, 'lc': 0.05630576077693453, 'llow': 0.05408155679547538}  val_MAE=1.1040m
[ep 22] 1002.7s  {'mae': 0.05625532178829114, 'lc': 0.055923209528749185, 'llow': 0.0535559812374413}  val_MAE=1.1093m
[ep 23] 1175.3s  {'mae': 0.05595517098903656, 'lc': 0.05572979690196613, 'llow': 0.053266924624331295}  val_MAE=1.1091m
[ep 24] 1002.3s  {'mae': 0.055806014315846066, 'lc': 0.055625013252720235, 'llow': 0.053115351549349724}  val_MAE=1.1113m
[done] best val MAE = 1.0841 m -> out/E_echo_ray_s0
Warning: You are sending unauthenticated requests to the HF Hub. Please set a HF_TOKEN to enable higher rate limits and faster downloads.
Loading weights:   0%|          | 0/210 [00:00<?, ?it/s]Loading weights:  33%|███▎      | 70/210 [00:00<00:00, 698.35it/s]Loading weights: 100%|██████████| 210/210 [00:00<00:00, 1861.49it/s]
[transformers] [1mWav2Vec2Model LOAD REPORT[0m from: facebook/wav2vec2-base-960h
Key               | Status     | 
------------------+------------+-
lm_head.weight    | UNEXPECTED | 
lm_head.bias      | UNEXPECTED | 
masked_spec_embed | MISSING    | 

Notes:
- UNEXPECTED:	can be ignored when loading from different task/architecture; not ok if you expect identical arch.
- MISSING:	those params were newly initialized because missing from the checkpoint. Consider training on your downstream task.
[test] 3600 samples / 9 scenes (raw 256x512, in_ch=2)
[test] corr=none MAE=0.9299 MAE_low=0.8923 SHcoefL1=0.3609 delta1=0.444
[done] -> out/E_echo_ray_s0/metrics_test.json
