[cfg] correction=none {'dataset_dir': '/root/storage/matterport3d_0303renew', 'cache_dir': '/root/implicit_full_cache', 'img_h': 256, 'img_w': 512, 'max_depth': 10.0, 'sample_rate': 48000, 'log_spec': True, 'audio_window_m': 10.0, 'audio_src': 'wave', 'wave_ch': 8, 'wave_ngf': 32, 'in_ch': 2, 'model': 'raymlp', 'width': 48, 'embed_dim': 128, 'dim': 192, 'audio_dim': 256, 'use_xyz': True, 'use_fourier_pe': True, 'fourier_bands': 6, 'use_sh_pe': False, 'sh_order': 4, 'use_mic_pe': False, 'head_r': 0.0875, 'front_back_w': 1.0, 'hi_tokens': False, 'ray_tv_w': 0.0, 'ray_tv_grid_h': 64, 'ray_tv_grid_w': 128, 'cross_enc': 'conv', 'coarse_head_h': 16, 'coarse_head_w': 32, 'coarse_sh_order': 4, 'residual_scale': 0.1, 'residual_h': 32, 'residual_w': 64, 'ray_coarse_h': 16, 'ray_coarse_w': 32, 'ray_cross_layers': 2, 'ray_self_layers': 1, 'raydpt_win32': 5, 'raydpt_win64': 3, 'raydpt_lite': False, 'raydpt_full_decode': True, 'w_dense': 1.0, 'w_coarse_layout': 1.0, 'w_low': 0.5, 'w_tv_res': 0.01, 'n_heads': 4, 'n_cross': 2, 'n_self': 2, 'ray_mlp_skip': False, 'ray_film': False, 'prog_pe': False, 'sector_sample': False, 'use_depth_bins': False, 'n_bins': 64, 'hybrid_sh_order': 3, 'w_coarse': 0.5, 'w_res': 0.02, 'arch': 'echo_bin', 'ngf': 64, 'unet_downs': 6, 'ray_mod_scale': 0.1, 'ray_mod_stage': 'e3', 'vit_pretrained': True, 'vit_freeze': False, 'vit_pe': 'planar', 'correction': 'none', 'coarse_h': 16, 'coarse_w': 32, 'corr_sh_order': 3, 'w_sh_aux': 1.0, 'init_decoder': '', 'freeze_decoder': False, 'res_scale': 0.3, 'w_res_sup': 1.0, 'w_tv': 0.01, 'chan_norm': False, 'w_swap_eq': 0.0, 'w_normal': 0.0, 'w_chamfer': 0.0, 'chamfer_k': 1024, 'w_rel': 0.0, 'amp': False, 'w_scale': 0.0, 'echo_kbins': 32, 'echo_dmax': 8.0, 'prob_k': 5, 'prob_eps': 0.05, 'prob_w_nll': 0.2, 'prob_coarse': True, 'prob_head_h': 16, 'prob_head_w': 32, 'n_rays': 2048, 'eval_chunk': 4096, 'flip_aug': False, 'epochs': 25, 'batch_size': 24, 'lr': 0.002, 'weight_decay': 0.0001, 'num_workers': 6, 'seed': 0, 'device': 'cuda', 'out_dir': 'out', 'run_name': 'E_echo_bin_s0', 'audio_mode': 'stereo', 'shuffle_audio': False, 'mask_farfield': False}
[model] params=56.02M
[train] 28800 samples / 72 scenes (raw 256x512, in_ch=2)
[val] 3543 samples / 9 scenes (raw 256x512, in_ch=2)
[ep 00] 682.7s  {'mae': 0.09075018576035897}  val_MAE=1.2679m
[ep 01] 302.5s  {'mae': 0.07769487589908143}  val_MAE=1.6268m
[ep 02] 329.2s  {'mae': 0.07594704241491854}  val_MAE=1.2420m
[ep 03] 278.9s  {'mae': 0.07469185875418285}  val_MAE=1.4074m
[ep 04] 303.5s  {'mae': 0.07252300136722624}  val_MAE=1.1905m
[ep 05] 253.9s  {'mae': 0.07098513672749202}  val_MAE=1.0959m
[ep 06] 224.7s  {'mae': 0.0695740937286367}  val_MAE=1.1383m
[ep 07] 215.7s  {'mae': 0.06867782893280189}  val_MAE=1.0973m
[ep 08] 210.8s  {'mae': 0.06749965408506493}  val_MAE=1.0915m
[ep 09] 388.6s  {'mae': 0.06643071775014202}  val_MAE=1.0750m
[ep 10] 593.6s  {'mae': 0.06548521999580165}  val_MAE=1.0730m
[ep 11] 695.4s  {'mae': 0.0645754581845055}  val_MAE=1.0648m
[ep 12] 519.6s  {'mae': 0.06334858287746707}  val_MAE=1.0648m
[ep 13] 621.3s  {'mae': 0.062346251513808966}  val_MAE=1.0611m
[ep 14] 484.5s  {'mae': 0.06121194565668702}  val_MAE=1.0654m
[ep 15] 508.6s  {'mae': 0.06000965476346513}  val_MAE=1.0626m
[ep 16] 546.5s  {'mae': 0.05882203246777256}  val_MAE=1.0642m
[ep 17] 259.1s  {'mae': 0.05757504510382811}  val_MAE=1.0703m
[ep 18] 171.1s  {'mae': 0.056390665884440146}  val_MAE=1.0744m
[ep 19] 235.9s  {'mae': 0.0553209348830084}  val_MAE=1.0812m
[ep 20] 583.0s  {'mae': 0.05441987824626267}  val_MAE=1.0837m
[ep 21] 444.1s  {'mae': 0.05368806894868612}  val_MAE=1.0849m
[ep 22] 289.1s  {'mae': 0.05311213119265934}  val_MAE=1.0887m
[ep 23] 236.5s  {'mae': 0.05277064306040605}  val_MAE=1.0909m
[ep 24] 233.0s  {'mae': 0.05263167595180372}  val_MAE=1.0916m
[done] best val MAE = 1.0611 m -> out/E_echo_bin_s0
[test] 3600 samples / 9 scenes (raw 256x512, in_ch=2)
[test] corr=none MAE=0.9095 MAE_low=0.8714 SHcoefL1=0.3536 delta1=0.452
[done] -> out/E_echo_bin_s0/metrics_test.json
