[cfg] correction=none {'dataset_dir': '/root/storage/matterport3d_0303renew', 'cache_dir': '/root/implicit_full_cache', 'img_h': 256, 'img_w': 512, 'max_depth': 10.0, 'sample_rate': 48000, 'log_spec': True, 'audio_window_m': 10.0, 'audio_src': 'wave', 'wave_ch': 8, 'wave_ngf': 32, 'in_ch': 2, 'model': 'raymlp', 'width': 48, 'embed_dim': 128, 'dim': 192, 'audio_dim': 256, 'use_xyz': True, 'use_fourier_pe': True, 'fourier_bands': 6, 'use_sh_pe': False, 'sh_order': 4, 'use_mic_pe': False, 'head_r': 0.0875, 'front_back_w': 1.0, 'hi_tokens': False, 'ray_tv_w': 0.0, 'ray_tv_grid_h': 64, 'ray_tv_grid_w': 128, 'cross_enc': 'conv', 'coarse_head_h': 16, 'coarse_head_w': 32, 'coarse_sh_order': 4, 'residual_scale': 0.1, 'residual_h': 32, 'residual_w': 64, 'ray_coarse_h': 16, 'ray_coarse_w': 32, 'ray_cross_layers': 2, 'ray_self_layers': 1, 'raydpt_win32': 5, 'raydpt_win64': 3, 'raydpt_lite': False, 'raydpt_full_decode': True, 'raydpt_msf': False, 'raydpt_resampler': False, 'resampler_latents': 64, 'resampler_layers': 3, 'w_dense': 1.0, 'w_coarse_layout': 1.0, 'w_low': 0.5, 'w_tv_res': 0.01, 'n_heads': 4, 'n_cross': 2, 'n_self': 2, 'ray_mlp_skip': False, 'ray_film': False, 'prog_pe': False, 'sector_sample': False, 'use_depth_bins': False, 'n_bins': 64, 'hybrid_sh_order': 3, 'w_coarse': 0.5, 'w_res': 0.02, 'arch': 'echo_unet', 'ngf': 64, 'unet_downs': 6, 'ray_mod_scale': 0.1, 'ray_mod_stage': 'e3', 'vit_pretrained': True, 'vit_freeze': False, 'vit_pe': 'planar', 'correction': 'none', 'coarse_h': 16, 'coarse_w': 32, 'corr_sh_order': 3, 'w_sh_aux': 1.0, 'init_decoder': '', 'freeze_decoder': False, 'res_scale': 0.3, 'w_res_sup': 1.0, 'w_tv': 0.01, 'chan_norm': False, 'w_swap_eq': 0.0, 'w_normal': 0.0, 'w_chamfer': 0.0, 'chamfer_k': 1024, 'w_rel': 0.0, 'amp': False, 'w_scale': 0.0, 'echo_kbins': 32, 'echo_dmax': 8.0, 'prob_k': 5, 'prob_eps': 0.05, 'prob_w_nll': 0.2, 'prob_coarse': True, 'prob_head_h': 16, 'prob_head_w': 32, 'n_rays': 2048, 'eval_chunk': 4096, 'flip_aug': False, 'epochs': 25, 'batch_size': 24, 'lr': 0.002, 'weight_decay': 0.0001, 'num_workers': 6, 'seed': 2, 'device': 'cuda', 'out_dir': 'out', 'run_name': 'E_echo_unet_s2', 'audio_mode': 'stereo', 'shuffle_audio': False, 'mask_farfield': False}
Warning: You are sending unauthenticated requests to the HF Hub. Please set a HF_TOKEN to enable higher rate limits and faster downloads.
Loading weights:   0%|          | 0/210 [00:00<?, ?it/s]Loading weights: 100%|██████████| 210/210 [00:00<00:00, 6061.30it/s]
[transformers] [1mWav2Vec2Model LOAD REPORT[0m from: facebook/wav2vec2-base-960h
Key               | Status     | 
------------------+------------+-
lm_head.bias      | UNEXPECTED | 
lm_head.weight    | UNEXPECTED | 
masked_spec_embed | MISSING    | 

Notes:
- UNEXPECTED:	can be ignored when loading from different task/architecture; not ok if you expect identical arch.
- MISSING:	those params were newly initialized because missing from the checkpoint. Consider training on your downstream task.
[model] params=150.90M
[train] 28800 samples / 72 scenes (raw 256x512, in_ch=2)
[val] 3543 samples / 9 scenes (raw 256x512, in_ch=2)
[ep 00] 251.7s  {'mae': 0.08606305795411269}  val_MAE=1.3529m
[ep 01] 173.5s  {'mae': 0.07826709374164542}  val_MAE=1.2574m
[ep 02] 320.3s  {'mae': 0.07629596024130782}  val_MAE=1.1705m
[ep 03] 220.4s  {'mae': 0.07578203343165417}  val_MAE=1.2252m
[ep 04] 211.8s  {'mae': 0.074469132249554}  val_MAE=1.1889m
[ep 05] 265.7s  {'mae': 0.07344915107203026}  val_MAE=1.1621m
[ep 06] 326.5s  {'mae': 0.07176804102646808}  val_MAE=1.1343m
[ep 07] 471.6s  {'mae': 0.07006131703965365}  val_MAE=1.0875m
[ep 08] 328.4s  {'mae': 0.06861709798375766}  val_MAE=1.0814m
[ep 09] 378.1s  {'mae': 0.067534574555854}  val_MAE=1.0836m
[ep 10] 337.3s  {'mae': 0.06651364305677514}  val_MAE=1.0620m
[ep 11] 279.7s  {'mae': 0.06538908515746394}  val_MAE=1.0761m
[ep 12] 364.8s  {'mae': 0.06438912364033361}  val_MAE=1.0821m
[ep 13] 348.9s  {'mae': 0.06335355977838238}  val_MAE=1.0643m
[ep 14] 441.5s  {'mae': 0.06216516242362559}  val_MAE=1.0621m
[ep 15] 395.1s  {'mae': 0.060966123255590594}  val_MAE=1.0748m
[ep 16] 188.8s  {'mae': 0.0598228351585567}  val_MAE=1.0782m
[ep 17] 154.3s  {'mae': 0.05868119661385814}  val_MAE=1.0695m
[ep 18] 186.4s  {'mae': 0.05750271476494769}  val_MAE=1.0889m
[ep 19] 205.4s  {'mae': 0.05640136319212616}  val_MAE=1.0872m
[ep 20] 305.9s  {'mae': 0.05547316807011763}  val_MAE=1.0891m
[ep 21] 198.3s  {'mae': 0.0547203216329217}  val_MAE=1.0873m
[ep 22] 363.6s  {'mae': 0.05421803672177096}  val_MAE=1.0912m
[ep 23] 1716.3s  {'mae': 0.053902486606190604}  val_MAE=1.0899m
[ep 24] 1094.3s  {'mae': 0.05374521849366526}  val_MAE=1.0899m
[done] best val MAE = 1.0620 m -> out/E_echo_unet_s2
Loading weights:   0%|          | 0/210 [00:00<?, ?it/s]Loading weights:  59%|█████▉    | 124/210 [00:00<00:00, 1238.60it/s]Loading weights: 100%|██████████| 210/210 [00:00<00:00, 1956.12it/s]
[transformers] [1mWav2Vec2Model LOAD REPORT[0m from: facebook/wav2vec2-base-960h
Key               | Status     | 
------------------+------------+-
lm_head.weight    | UNEXPECTED | 
lm_head.bias      | UNEXPECTED | 
masked_spec_embed | MISSING    | 

Notes:
- UNEXPECTED:	can be ignored when loading from different task/architecture; not ok if you expect identical arch.
- MISSING:	those params were newly initialized because missing from the checkpoint. Consider training on your downstream task.
[test] 3600 samples / 9 scenes (raw 256x512, in_ch=2)
[test] corr=none MAE=0.9141 MAE_low=0.8762 SHcoefL1=0.3556 delta1=0.440
[done] -> out/E_echo_unet_s2/metrics_test.json
