[cfg] correction=none {'dataset_dir': '/root/storage/matterport3d_0303renew', 'cache_dir': '/root/implicit_full_cache', 'img_h': 256, 'img_w': 512, 'max_depth': 10.0, 'sample_rate': 48000, 'log_spec': True, 'audio_window_m': 10.0, 'audio_src': 'wave', 'wave_ch': 8, 'wave_ngf': 32, 'in_ch': 2, 'model': 'raymlp', 'width': 48, 'embed_dim': 128, 'dim': 192, 'audio_dim': 256, 'use_xyz': True, 'use_fourier_pe': True, 'fourier_bands': 6, 'use_sh_pe': False, 'sh_order': 4, 'use_mic_pe': False, 'head_r': 0.0875, 'front_back_w': 1.0, 'hi_tokens': False, 'ray_tv_w': 0.0, 'ray_tv_grid_h': 64, 'ray_tv_grid_w': 128, 'cross_enc': 'conv', 'coarse_head_h': 16, 'coarse_head_w': 32, 'coarse_sh_order': 4, 'residual_scale': 0.1, 'residual_h': 32, 'residual_w': 64, 'ray_coarse_h': 16, 'ray_coarse_w': 32, 'ray_cross_layers': 2, 'ray_self_layers': 1, 'raydpt_win32': 5, 'raydpt_win64': 3, 'raydpt_lite': False, 'raydpt_full_decode': True, 'raydpt_msf': False, 'raydpt_resampler': False, 'resampler_latents': 64, 'resampler_layers': 3, 'w_dense': 1.0, 'w_coarse_layout': 1.0, 'w_low': 0.5, 'w_tv_res': 0.01, 'n_heads': 4, 'n_cross': 2, 'n_self': 2, 'ray_mlp_skip': False, 'ray_film': False, 'prog_pe': False, 'sector_sample': False, 'use_depth_bins': False, 'n_bins': 64, 'hybrid_sh_order': 3, 'w_coarse': 0.5, 'w_res': 0.02, 'arch': 'echo_unet', 'ngf': 64, 'unet_downs': 6, 'ray_mod_scale': 0.1, 'ray_mod_stage': 'e3', 'vit_pretrained': True, 'vit_freeze': False, 'vit_pe': 'planar', 'correction': 'none', 'coarse_h': 16, 'coarse_w': 32, 'corr_sh_order': 3, 'w_sh_aux': 1.0, 'init_decoder': '', 'freeze_decoder': False, 'res_scale': 0.3, 'w_res_sup': 1.0, 'w_tv': 0.01, 'chan_norm': False, 'w_swap_eq': 0.0, 'w_normal': 0.0, 'w_chamfer': 0.0, 'chamfer_k': 1024, 'w_rel': 0.1, 'amp': True, 'w_scale': 0.0, 'echo_kbins': 32, 'echo_dmax': 8.0, 'prob_k': 5, 'prob_eps': 0.05, 'prob_w_nll': 0.2, 'prob_coarse': True, 'prob_head_h': 16, 'prob_head_w': 32, 'n_rays': 2048, 'eval_chunk': 4096, 'flip_aug': False, 'epochs': 25, 'batch_size': 32, 'lr': 0.0004, 'weight_decay': 0.0001, 'num_workers': 6, 'seed': 0, 'device': 'cuda', 'out_dir': 'out', 'run_name': 'R_echo_unet_e2_s0', 'audio_mode': 'stereo', 'shuffle_audio': False, 'mask_farfield': False}
Loading weights:   0%|          | 0/210 [00:00<?, ?it/s]Loading weights: 100%|██████████| 210/210 [00:00<00:00, 5225.31it/s]
[transformers] [1mWav2Vec2Model LOAD REPORT[0m from: facebook/wav2vec2-base-960h
Key               | Status     | 
------------------+------------+-
lm_head.bias      | UNEXPECTED | 
lm_head.weight    | UNEXPECTED | 
masked_spec_embed | MISSING    | 

Notes:
- UNEXPECTED:	can be ignored when loading from different task/architecture; not ok if you expect identical arch.
- MISSING:	those params were newly initialized because missing from the checkpoint. Consider training on your downstream task.
[model] params=150.90M
[train] 28800 samples / 72 scenes (raw 256x512, in_ch=2)
[val] 3543 samples / 9 scenes (raw 256x512, in_ch=2)
[ep 00] 301.2s  {'mae': 0.09835494893292586, 'lrel': 0.5807259530160163}  val_MAE=1.3384m
[ep 01] 274.5s  {'mae': 0.0800175230867333, 'lrel': 0.4049026080303722}  val_MAE=1.3239m
[ep 02] 357.9s  {'mae': 0.07603377552909983, 'lrel': 0.37391336808602016}  val_MAE=1.2044m
[ep 03] 338.0s  {'mae': 0.07440132541375027, 'lrel': 0.3589639929268095}  val_MAE=1.1979m
[ep 04] 434.5s  {'mae': 0.07277278514371978, 'lrel': 0.34797895557350583}  val_MAE=1.2445m
[ep 05] 380.0s  {'mae': 0.0717292915781339, 'lrel': 0.34066788122057917}  val_MAE=1.1514m
[ep 06] 170.7s  {'mae': 0.07068162961966462, 'lrel': 0.33546761088901095}  val_MAE=1.1734m
[ep 07] 117.9s  {'mae': 0.06944202337414027, 'lrel': 0.32666957835356397}  val_MAE=1.1208m
[ep 08] 113.3s  {'mae': 0.06837415726234515, 'lrel': 0.321097420056661}  val_MAE=1.1277m
[ep 09] 207.7s  {'mae': 0.06709421598249012, 'lrel': 0.31285048936804133}  val_MAE=1.1055m
[ep 10] 160.9s  {'mae': 0.06578615879846944, 'lrel': 0.3060663295123312}  val_MAE=1.0928m
[ep 11] 291.7s  {'mae': 0.06428389724344015, 'lrel': 0.29752016454935076}  val_MAE=1.0822m
[ep 12] 202.5s  {'mae': 0.06284707269320886, 'lrel': 0.2896719313992394}  val_MAE=1.0780m
[ep 13] 371.6s  {'mae': 0.0612946335102121, 'lrel': 0.281138463417689}  val_MAE=1.0844m
[ep 14] 1900.9s  {'mae': 0.05971322705762254, 'lrel': 0.2718842445479499}  val_MAE=1.0876m
[ep 15] 865.0s  {'mae': 0.05794267268644439, 'lrel': 0.26238204475906163}  val_MAE=1.0753m
[ep 16] 325.6s  {'mae': 0.05635562647134065, 'lrel': 0.2535675553149647}  val_MAE=1.0732m
[ep 17] 146.3s  {'mae': 0.054775012441807325, 'lrel': 0.24463071286678315}  val_MAE=1.0764m
[ep 18] 130.2s  {'mae': 0.05332592399583923, 'lrel': 0.23687122247285314}  val_MAE=1.0761m
[ep 19] 148.3s  {'mae': 0.052077298379606674, 'lrel': 0.23006797267331017}  val_MAE=1.0797m
[ep 20] 133.9s  {'mae': 0.05095119535923004, 'lrel': 0.2241838378376431}  val_MAE=1.0789m
[ep 21] 126.7s  {'mae': 0.05011863446070088, 'lrel': 0.21958726523651018}  val_MAE=1.0873m
[ep 22] 207.0s  {'mae': 0.04955385639849636, 'lrel': 0.2165969541337755}  val_MAE=1.0874m
[ep 23] 124.3s  {'mae': 0.049189848713576796, 'lrel': 0.21462423778242534}  val_MAE=1.0858m
[ep 24] 128.2s  {'mae': 0.04902755664454566, 'lrel': 0.21390791765517658}  val_MAE=1.0871m
[done] best val MAE = 1.0732 m -> out/R_echo_unet_e2_s0
Warning: You are sending unauthenticated requests to the HF Hub. Please set a HF_TOKEN to enable higher rate limits and faster downloads.
Loading weights:   0%|          | 0/210 [00:00<?, ?it/s]Loading weights: 100%|██████████| 210/210 [00:00<00:00, 8384.70it/s]
[transformers] [1mWav2Vec2Model LOAD REPORT[0m from: facebook/wav2vec2-base-960h
Key               | Status     | 
------------------+------------+-
lm_head.weight    | UNEXPECTED | 
lm_head.bias      | UNEXPECTED | 
masked_spec_embed | MISSING    | 

Notes:
- UNEXPECTED:	can be ignored when loading from different task/architecture; not ok if you expect identical arch.
- MISSING:	those params were newly initialized because missing from the checkpoint. Consider training on your downstream task.
[test] 3600 samples / 9 scenes (raw 256x512, in_ch=2)
[test] corr=none MAE=0.9155 MAE_low=0.8783 SHcoefL1=0.3641 delta1=0.453
[done] -> out/R_echo_unet_e2_s0/metrics_test.json
